#time	accel0	accel1	accel2

7739.768394	504	501	397
7739.788394	504	502	397
7739.808394	504	502	396
7739.828394	504	501	397
7739.848394	503	503	396
7739.868394	504	503	397
7739.888394	504	502	397
7739.908394	504	502	397
7739.928394	503	502	396
7739.948394	504	503	398
7739.963767	504	503	397
7739.983767	504	503	397
7740.003767	505	502	397
7740.023767	504	502	397
7740.043767	504	502	396
7740.063767	505	503	396
7740.083767	503	502	397
7740.103767	503	503	397
7740.123767	503	503	397
7740.143767	503	502	396
7740.159123	504	502	397
7740.179123	504	502	397
7740.199123	503	502	396
7740.219123	503	503	397
7740.239123	505	502	396
7740.259123	503	502	397
7740.279123	504	502	397
7740.299123	504	502	396
7740.319123	503	503	397
7740.339123	503	502	397
7740.354488	503	502	397
7740.374488	503	502	397
7740.394488	503	502	397
7740.414488	504	502	397
7740.434488	503	504	397
7740.454488	504	502	397
7740.474488	503	502	397
7740.494488	504	502	396
7740.514488	503	502	397
7740.534488	503	503	397
7740.549835	503	502	397
7740.569835	504	501	396
7740.589835	503	502	397
7740.609835	503	501	396
7740.629835	504	502	396
7740.649835	503	502	397
7740.669835	504	502	396
7740.689835	504	501	396
7740.709835	503	502	397
7740.729835	504	502	397
7740.745208	503	502	397
7740.765208	504	502	397
7740.785208	504	502	396
7740.805208	504	501	397
7740.825208	504	503	397
7740.845208	504	503	397
7740.865208	503	502	397
7740.885208	504	502	396
7740.905208	504	502	396
7740.925208	505	503	396
7740.940564	503	502	396
7740.960564	503	502	396
7740.980564	504	502	396
7741.000564	504	502	396
7741.020564	504	503	396
7741.040564	504	502	397
7741.060564	503	501	396
7741.080564	504	502	397
7741.100564	504	502	397
7741.120564	504	502	397
7741.135929	504	501	397
7741.155929	504	503	397
7741.175929	504	502	397
7741.195929	504	503	397
7741.215929	503	502	396
7741.235929	504	502	396
7741.255929	503	502	397
7741.275929	503	502	396
7741.295929	504	502	397
7741.315929	504	502	396
7741.331276	503	502	397
7741.351276	503	502	397
7741.371276	504	501	396
7741.391276	503	502	397
7741.411276	503	502	396
7741.431276	503	502	397
7741.451276	503	502	397
7741.471276	504	503	397
7741.491276	504	502	396
7741.511276	503	502	396
7741.526649	503	502	396
7741.546649	504	502	396
7741.566649	503	503	397
7741.586649	503	502	397
7741.606649	504	501	396
7741.626649	503	503	396
7741.646649	503	502	397
7741.666649	504	502	397
7741.686649	504	502	396
7741.706649	504	502	396
7741.722005	503	502	397
7741.742005	503	502	396
7741.762005	504	502	397
7741.782005	503	502	397
7741.802005	504	503	397
7741.822005	504	503	397
7741.842005	503	503	397
7741.862005	503	503	397
7741.882005	504	503	397
7741.902005	503	502	397
7741.917370	503	502	397
7741.937370	504	502	397
7741.957370	504	503	396
7741.977370	503	502	397
7741.997370	504	502	397
7742.017370	504	502	397
7742.037370	503	502	395
7742.057370	504	502	397
7742.077370	504	502	396
7742.097370	504	502	397
7742.112717	502	502	396
7742.132717	503	502	396
7742.152717	503	502	396
7742.172717	504	502	396
7742.192717	503	502	397
7742.212717	504	502	397
7742.232717	503	503	398
7742.252717	504	503	396
7742.272717	503	503	398
7742.292717	503	503	397
7742.308090	504	502	397
7742.328090	503	502	397
7742.348090	503	502	396
7742.368090	504	502	396
7742.388090	503	502	397
7742.408090	504	502	397
7742.428090	503	503	397
7742.448090	503	502	396
7742.468090	504	503	397
7742.488090	503	502	396
7742.503446	504	503	398
7742.523446	503	502	396
7742.543446	504	503	397
7742.563446	503	502	397
7742.583446	504	503	397
7742.603446	504	502	396
7742.623446	504	502	397
7742.643446	504	502	397
7742.663446	504	502	397
7742.683446	504	502	397
7742.698811	504	502	397
7742.718811	504	502	397
7742.738811	504	502	397
7742.758811	503	502	397
7742.778811	504	502	396
7742.798811	504	502	397
7742.818811	504	502	397
7742.838811	504	502	397
7742.858811	503	502	396
7742.878811	504	502	396
7742.894158	503	501	396
7742.914158	503	502	397
7742.934158	504	502	397
7742.954158	504	502	397
7742.974158	504	502	396
7742.994158	503	502	397
7743.014158	504	501	397
7743.034158	503	502	396
7743.054158	503	502	397
7743.074158	503	502	397
7743.089531	504	502	397
7743.109531	503	502	396
7743.129531	504	502	397
7743.149531	504	502	397
7743.169531	504	502	397
7743.189531	503	502	397
7743.209531	503	501	396
7743.229531	504	502	396
7743.249531	504	503	397
7743.269531	504	502	397
7743.284887	502	503	397
7743.304887	503	502	397
7743.324887	504	501	396
7743.344887	504	502	396
7743.364887	504	501	397
7743.384887	504	502	397
7743.404887	504	502	397
7743.424887	504	502	397
7743.444887	503	502	397
7743.464887	503	502	397
7743.480252	504	502	398
7743.500252	504	502	397
7743.520252	504	502	397
7743.540252	504	501	398
7743.560252	504	502	396
7743.580252	504	502	397
7743.600252	503	502	397
7743.620252	504	502	397
7743.640252	504	502	397
7743.660252	504	502	397
7743.675599	503	502	397
7743.695599	504	501	397
7743.715599	504	503	396
7743.735599	503	502	397
7743.755599	504	502	396
7743.775599	504	502	397
7743.795599	504	502	397
7743.815599	503	502	397
7743.835599	504	502	396
7743.855599	503	502	396
7743.870972	504	502	396
7743.890972	504	503	397
7743.910972	503	502	396
7743.930972	504	501	397
7743.950972	504	502	396
7743.970972	504	502	398
7743.990972	504	502	397
7744.010972	504	502	397
7744.030972	504	502	397
7744.050972	503	502	396
7744.066337	504	503	397
7744.086337	504	502	397
7744.106337	504	502	396
7744.126337	504	502	397
7744.146337	504	502	397
7744.166337	505	501	397
7744.186337	504	502	397
7744.206337	503	502	397
7744.226337	504	503	397
7744.246337	503	501	397
7744.261693	503	502	396
7744.281693	504	502	397
7744.301693	503	502	397
7744.321693	503	502	396
7744.341693	504	502	397
7744.361693	503	501	396
7744.381693	504	502	397
7744.401693	504	502	397
7744.421693	504	502	397
7744.441693	504	502	396
7744.457049	504	503	397
7744.477049	504	503	396
7744.497049	503	502	397
7744.517049	503	502	396
7744.537049	504	503	397
7744.557049	503	501	397
7744.577049	504	502	397
7744.597049	504	503	396
7744.617049	504	502	397
7744.637049	504	502	397
7744.652413	504	502	396
7744.672413	504	502	398
7744.692413	504	503	396
7744.712413	504	502	397
7744.732413	504	502	397
7744.752413	504	502	397
7744.772413	503	502	396
7744.792413	504	502	397
7744.812413	503	502	397
7744.832413	504	503	397
7744.847778	504	502	397
7744.867778	503	502	396
7744.887778	504	502	397
7744.907778	504	502	397
7744.927778	503	502	398
7744.947778	504	502	397
7744.967778	504	502	397
7744.987778	503	502	397
7745.007778	504	502	397
7745.027778	504	502	396
7745.043134	504	502	397
7745.063134	503	502	397
7745.083134	504	501	396
7745.103134	504	501	397
7745.123134	504	503	397
7745.143134	504	502	397
7745.163134	504	502	397
7745.183134	504	502	397
7745.203134	503	502	397
7745.223134	504	503	397
7745.238490	505	501	396
7745.258490	503	501	397
7745.278490	503	503	397
7745.298490	504	501	397
7745.318490	503	502	396
7745.338490	503	503	397
7745.358490	504	502	397
7745.378490	505	502	396
7745.398490	504	502	396
7745.418490	504	502	397
7745.433854	503	501	396
7745.453854	503	502	397
7745.473854	504	502	396
7745.493854	503	502	397
7745.513854	504	502	397
7745.533854	504	502	397
7745.553854	504	502	396
7745.573854	503	501	397
7745.593854	505	502	396
7745.613854	502	502	397
7745.629219	504	502	396
7745.649219	503	502	397
7745.669219	504	502	397
7745.689219	504	503	397
7745.709219	503	502	396
7745.729219	504	502	397
7745.749219	504	503	396
7745.769219	503	503	396
7745.789219	504	502	397
7745.809219	504	502	397
7745.824575	504	502	397
7745.844575	504	502	397
7745.864575	504	503	397
7745.884575	504	502	396
7745.904575	505	502	397
7745.924575	503	503	397
7745.944575	503	502	396
7745.964575	504	501	396
7745.984575	504	502	396
7746.004575	504	503	396
7746.019931	504	502	397
7746.039931	504	502	397
7746.059931	503	502	397
7746.079931	503	502	397
7746.099931	504	503	396
7746.119931	504	503	398
7746.139931	504	501	397
7746.159931	503	502	397
7746.179931	504	502	397
7746.199931	503	503	397
7746.215295	504	502	397
7746.235295	504	502	396
7746.255295	504	502	397
7746.275295	503	502	397
7746.295295	504	502	396
7746.315295	503	502	397
7746.335295	504	502	397
7746.355295	503	502	397
7746.375295	503	502	396
7746.395295	504	502	397
7746.410660	503	503	397
7746.430660	503	502	396
7746.450660	504	502	396
7746.470660	503	502	397
7746.490660	505	502	396
7746.510660	504	502	397
7746.530660	503	502	397
7746.550660	504	501	396
7746.570660	504	502	398
7746.590660	503	502	397
7746.606016	503	502	397
7746.626016	504	502	397
7746.646016	504	502	397
7746.666016	504	502	396
7746.686016	503	503	397
7746.706016	504	501	397
7746.726016	503	502	397
7746.746016	504	503	397
7746.766016	504	502	397
7746.786016	504	503	396
7746.801372	504	502	397
7746.821372	504	502	397
7746.841372	503	502	396
7746.861372	503	502	397
7746.881372	504	502	396
7746.901372	504	502	397
7746.921372	503	503	397
7746.941372	503	503	396
7746.961372	504	502	397
7746.981372	504	501	397
7746.996736	504	502	397
7747.016736	504	502	396
7747.036736	503	502	396
7747.056736	503	502	396
7747.076736	503	502	397
7747.096736	504	502	397
7747.116736	504	502	397
7747.136736	503	502	397
7747.156736	504	502	397
7747.176736	504	501	397
7747.192101	504	501	397
7747.212101	503	502	397
7747.232101	504	502	397
7747.252101	504	502	396
7747.272101	504	502	397
7747.292101	504	502	398
7747.312101	503	503	397
7747.332101	504	502	397
7747.352101	504	502	396
7747.372101	504	502	396
7747.387457	504	503	397
7747.407457	504	502	397
7747.427457	504	503	396
7747.447457	504	502	396
7747.467457	504	502	396
7747.487457	504	502	397
7747.507457	504	502	397
7747.527457	504	503	396
7747.547457	503	501	397
7747.567457	504	502	397
7747.582812	504	502	397
7747.602812	503	502	397
7747.622812	503	502	396
7747.642812	504	502	397
7747.662812	504	503	398
7747.682812	504	502	397
7747.702812	503	502	397
7747.722812	504	502	397
7747.742812	504	502	396
7747.762812	504	501	397
7747.778177	503	502	397
7747.798177	502	501	396
7747.818177	503	502	397
7747.838177	504	502	396
7747.858177	504	502	397
7747.878177	504	502	398
7747.898177	504	502	397
7747.918177	504	502	398
7747.938177	503	502	396
7747.958177	504	502	397
7747.973542	504	502	397
7747.993542	504	502	397
7748.013542	504	502	397
7748.033542	503	503	397
7748.053542	504	502	397
7748.073542	503	502	396
7748.093542	503	502	397
7748.113542	503	501	397
7748.133542	504	502	397
7748.153542	503	502	397
7748.168898	504	501	396
7748.188898	503	502	397
7748.208898	503	502	397
7748.228898	504	502	396
7748.248898	503	503	397
7748.268898	504	502	397
7748.288898	504	502	397
7748.308898	503	503	396
7748.328898	504	503	396
7748.348898	504	502	397
7748.364253	504	503	397
7748.384253	505	502	397
7748.404253	503	502	397
7748.424253	504	503	397
7748.444253	504	502	396
7748.464253	503	502	397
7748.484253	503	502	397
7748.504253	504	502	396
7748.524253	503	501	397
7748.544253	503	503	398
7748.559627	503	502	396
7748.579627	503	502	397
7748.599627	503	502	397
7748.619627	504	502	396
7748.639627	503	502	397
7748.659627	503	502	397
7748.679627	503	502	396
7748.699627	503	502	396
7748.719627	503	502	396
7748.739627	504	502	397
7748.754983	503	501	396
7748.774983	504	502	397
7748.794983	504	502	397
7748.814983	503	502	397
7748.834983	504	503	397
7748.854983	504	501	396
7748.874983	503	502	397
7748.894983	503	502	396
7748.914983	504	503	396
7748.934983	504	503	397
7748.950347	504	502	396
7748.970347	504	503	396
7748.990347	504	502	396
7749.010347	504	502	398
7749.030347	503	502	397
7749.050347	504	502	397
7749.070347	503	502	397
7749.090347	504	502	397
7749.110347	503	502	397
7749.130347	503	502	397
7749.145703	504	502	396
7749.165703	504	502	396
7749.185703	503	503	395
7749.205703	504	503	397
7749.225703	504	502	397
7749.245703	503	501	396
7749.265703	504	502	396
7749.285703	504	502	397
7749.305703	504	502	397
7749.325703	504	503	397
7749.341068	504	502	397
7749.361068	504	502	397
7749.381068	504	502	397
7749.401068	503	502	397
7749.421068	504	502	398
7749.441068	503	502	397
7749.461068	503	503	397
7749.481068	504	503	396
7749.501068	503	502	397
7749.521068	503	502	398
7749.536424	505	502	397
7749.556424	504	502	396
7749.576424	504	502	397
7749.596424	503	502	397
7749.616424	503	502	397
7749.636424	505	502	398
7749.656424	503	501	397
7749.676424	504	503	397
7749.696424	504	502	397
7749.716424	504	502	396
7749.731788	503	502	396
7749.751788	504	502	396
7749.771788	504	502	397
7749.791788	503	502	397
7749.811788	504	502	397
7749.831788	504	502	397
7749.851788	504	502	396
7749.871788	504	503	396
7749.891788	504	502	397
7749.911788	503	503	396
7749.927135	503	501	397
7749.947135	504	503	397
7749.967135	503	503	398
7749.987135	503	502	397
7750.007135	504	502	397
7750.027135	503	502	397
7750.047135	503	502	396
7750.067135	503	502	396
7750.087135	504	502	397
7750.107135	504	502	397
7750.122509	504	502	397
7750.142509	504	502	397
7750.162509	504	502	396
7750.182509	504	503	397
7750.202509	504	502	397
7750.222509	504	502	396
7750.242509	504	502	396
7750.262509	503	503	397
7750.282509	503	502	396
7750.302509	503	502	397
7750.317865	503	502	396
7750.337865	503	502	397
7750.357865	503	502	397
7750.377865	503	502	396
7750.397865	503	501	397
7750.417865	504	502	396
7750.437865	504	502	395
7750.457865	503	502	397
7750.477865	503	502	397
7750.497865	504	503	397
7750.513229	504	502	396
7750.533229	504	502	397
7750.553229	504	502	397
7750.573229	504	502	396
7750.593229	503	502	397
7750.613229	504	503	396
7750.633229	504	502	396
7750.653229	504	502	397
7750.673229	503	502	397
7750.693229	503	502	396
7750.708576	503	502	397
7750.728576	503	503	397
7750.748576	504	502	397
7750.768576	503	503	396
7750.788576	503	503	396
7750.808576	504	503	397
7750.828576	503	502	397
7750.848576	503	502	397
7750.868576	504	502	397
7750.888576	504	502	397
7750.903950	504	502	396
7750.923950	504	503	397
7750.943950	504	501	397
7750.963950	503	503	397
7750.983950	504	502	396
7751.003950	504	502	397
7751.023950	503	502	396
7751.043950	504	502	396
7751.063950	505	502	397
7751.083950	505	502	396
7751.099306	504	502	397
7751.119306	504	503	397
7751.139306	504	502	397
7751.159306	504	502	397
7751.179306	504	502	397
7751.199306	504	503	396
7751.219306	504	501	396
7751.239306	504	502	396
7751.259306	503	502	397
7751.279306	504	502	397
7751.294670	504	502	396
7751.314670	503	502	397
7751.334670	504	502	396
7751.354670	503	502	396
7751.374670	504	502	397
7751.394670	503	502	397
7751.414670	504	502	397
7751.434670	504	502	397
7751.454670	503	502	397
7751.474670	503	502	397
7751.490017	503	502	396
7751.510017	503	502	397
7751.530017	504	503	396
7751.550017	503	503	397
7751.570017	503	502	397
7751.590017	504	502	396
7751.610017	504	502	397
7751.630017	504	502	397
7751.650017	503	502	396
7751.670017	504	502	397
7751.685391	504	501	396
7751.705391	503	502	396
7751.725391	504	502	397
7751.745391	504	503	396
7751.765391	503	502	396
7751.785391	504	501	396
7751.805391	504	501	397
7751.825391	503	502	397
7751.845391	504	502	397
7751.865391	504	502	396
7751.880747	504	502	396
7751.900747	503	502	397
7751.920747	503	502	397
7751.940747	504	502	396
7751.960747	504	503	396
7751.980747	503	502	396
7752.000747	503	502	398
7752.020747	503	502	397
7752.040747	504	502	396
7752.060747	503	502	397
7752.076111	503	503	397
7752.096111	503	502	396
7752.116111	504	502	397
7752.136111	504	502	397
7752.156111	503	502	398
7752.176111	503	502	397
7752.196111	504	503	396
7752.216111	504	503	397
7752.236111	503	503	396
7752.256111	504	502	396
7752.271458	503	502	396
7752.291458	504	501	396
7752.311458	503	503	397
7752.331458	504	502	396
7752.351458	503	501	396
7752.371458	504	503	397
7752.391458	503	503	397
7752.411458	503	502	396
7752.431458	503	502	397
7752.451458	504	502	396
7752.466832	503	502	397
7752.486832	503	502	397
7752.506832	504	502	397
7752.526832	503	502	397
7752.546832	504	502	396
7752.566832	504	502	396
7752.586832	504	502	397
7752.606832	504	502	396
7752.626832	504	502	397
7752.646832	504	503	396
7752.662196	503	502	397
7752.682196	503	502	397
7752.702196	504	502	397
7752.722196	504	502	397
7752.742196	504	501	397
7752.762196	504	502	397
7752.782196	503	502	396
7752.802196	503	503	397
7752.822196	503	502	396
7752.842196	504	502	396
7752.857552	504	502	397
7752.877552	504	502	397
7752.897552	504	502	396
7752.917552	503	502	397
7752.937552	503	502	397
7752.957552	503	502	397
7752.977552	503	502	397
7752.997552	504	502	397
7753.017552	504	502	396
7753.037552	504	502	396
7753.052908	504	503	396
7753.072908	504	502	397
7753.092908	504	502	396
7753.112908	503	503	397
7753.132908	504	502	397
7753.152908	503	502	396
7753.172908	503	501	396
7753.192908	503	502	396
7753.212908	504	502	396
7753.232908	503	502	397
7753.248273	504	502	396
7753.268273	504	502	397
7753.288273	504	503	397
7753.308273	503	502	397
7753.328273	503	502	396
7753.348273	504	503	397
7753.368273	503	502	397
7753.388273	503	502	397
7753.408273	503	502	397
7753.428273	504	502	397
7753.443637	503	502	397
7753.463637	503	502	396
7753.483637	503	502	397
7753.503637	503	502	397
7753.523637	503	502	397
7753.543637	503	503	397
7753.563637	503	502	396
7753.583637	503	502	397
7753.603637	504	502	396
7753.623637	503	502	397
7753.638993	503	502	397
7753.658993	504	502	397
7753.678993	504	502	397
7753.698993	504	502	397
7753.718993	503	502	397
7753.738993	504	502	397
7753.758993	503	502	397
7753.778993	504	502	397
7753.798993	503	503	396
7753.818993	503	503	397
7753.834349	504	501	396
7753.854349	503	503	397
7753.874349	504	502	396
7753.894349	504	502	397
7753.914349	504	502	397
7753.934349	503	502	397
7753.954349	503	502	396
7753.974349	503	502	397
7753.994349	504	502	397
7754.014349	504	502	396
7754.029714	503	502	398
7754.049714	504	503	397
7754.069714	504	502	396
7754.089714	503	502	397
7754.109714	504	502	396
7754.129714	504	502	397
7754.149714	503	502	397
7754.169714	503	502	396
7754.189714	504	502	397
7754.209714	504	502	397
7754.225078	504	502	397
7754.245078	503	502	397
7754.265078	504	502	397
7754.285078	503	502	396
7754.305078	504	503	396
7754.325078	504	502	397
7754.345078	504	502	397
7754.365078	503	502	397
7754.385078	504	502	396
7754.405078	503	503	396
7754.420434	503	502	397
7754.440434	504	502	397
7754.460434	504	501	396
7754.480434	504	503	397
7754.500434	504	502	397
7754.520434	504	502	396
7754.540434	504	501	397
7754.560434	503	502	396
7754.580434	504	502	396
7754.600434	503	502	396
7754.621667	504	502	397
7754.641667	504	502	396
7754.661667	504	502	396
7754.681667	504	502	397
7754.701667	504	502	397
7754.721667	504	502	397
7754.741667	503	503	397
7754.761667	503	502	396
7754.781667	504	502	397
7754.801667	504	503	397
7754.811155	503	502	397
7754.831155	503	502	397
7754.851155	504	503	396
7754.871155	503	502	396
7754.891155	504	502	397
7754.911155	504	502	396
7754.931155	504	502	397
7754.951155	503	503	396
7754.971155	503	502	397
7754.991155	503	502	396
7755.006519	503	503	397
7755.026519	504	502	397
7755.046519	504	502	397
7755.066519	504	503	396
7755.086519	503	502	396
7755.106519	503	502	397
7755.126519	504	502	396
7755.146519	503	503	396
7755.166519	504	502	397
7755.186519	504	501	397
7755.201875	504	502	397
7755.221875	504	502	397
7755.241875	504	503	397
7755.261875	503	502	396
7755.281875	503	502	397
7755.301875	503	502	397
7755.321875	503	502	397
7755.341875	504	502	397
7755.361875	503	502	397
7755.381875	503	502	396
7755.397231	503	502	397
7755.417231	504	502	397
7755.437231	504	503	397
7755.457231	504	502	397
7755.477231	504	502	396
7755.497231	504	502	397
7755.517231	504	501	397
7755.537231	503	502	396
7755.557231	504	502	396
7755.577231	504	502	397
7755.592595	503	502	396
7755.612595	503	502	396
7755.632595	503	502	397
7755.652595	504	501	397
7755.672595	503	503	397
7755.692595	503	502	397
7755.712595	504	502	397
7755.732595	503	502	396
7755.752595	504	502	397
7755.772595	503	502	397
7755.787960	503	502	397
7755.807960	504	503	396
7755.827960	504	503	397
7755.847960	503	502	397
7755.867960	504	502	397
7755.887960	504	502	396
7755.907960	504	502	397
7755.927960	503	502	396
7755.947960	503	503	397
7755.967960	503	503	397
7755.983316	503	502	397
7756.003316	503	502	397
7756.023316	503	502	397
7756.043316	503	503	397
7756.063316	504	502	396
7756.083316	503	502	397
7756.103316	504	503	396
7756.123316	504	503	397
7756.143316	503	502	396
7756.163316	503	502	396
7756.178672	503	502	397
7756.198672	504	502	396
7756.218672	504	502	397
7756.238672	504	501	397
7756.258672	503	502	397
7756.278672	504	502	397
7756.298672	504	502	397
7756.318672	503	502	396
7756.338672	504	502	397
7756.358672	503	502	396
7756.374036	503	502	397
7756.394036	504	502	397
7756.414036	504	502	396
7756.434036	504	502	396
7756.454036	504	502	397
7756.474036	504	503	396
7756.494036	503	502	397
7756.514036	503	502	397
7756.534036	503	502	396
7756.554036	503	503	396
7756.569401	504	502	397
7756.589401	503	503	396
7756.609401	504	502	396
7756.629401	503	503	396
7756.649401	503	502	397
7756.669401	504	502	396
7756.689401	504	503	397
7756.709401	503	502	397
7756.729401	504	503	397
7756.749401	504	502	397
7756.764766	504	502	397
7756.784766	504	502	397
7756.804766	503	502	396
7756.824766	504	502	397
7756.844766	503	503	396
7756.864766	503	503	396
7756.884766	504	502	397
7756.904766	504	502	397
7756.924766	503	502	397
7756.944766	504	503	397
7756.960113	503	502	397
7756.980113	504	503	397
7757.000113	504	502	396
7757.020113	504	502	396
7757.040113	504	501	397
7757.060113	504	502	396
7757.080113	504	503	397
7757.100113	504	502	397
7757.120113	503	502	397
7757.140113	504	504	396
7757.155486	503	503	397
7757.175486	504	502	396
7757.195486	504	502	397
7757.215486	504	502	396
7757.235486	503	501	397
7757.255486	503	502	396
7757.275486	504	502	396
7757.295486	504	502	396
7757.315486	504	502	397
7757.335486	503	502	397
7757.350842	504	501	397
7757.370842	504	502	397
7757.390842	503	502	396
7757.410842	504	502	397
7757.430842	504	502	397
7757.450842	504	502	396
7757.470842	503	503	397
7757.490842	504	502	397
7757.510842	503	502	397
7757.530842	504	502	397
7757.546207	504	502	396
7757.566207	503	503	396
7757.586207	504	502	397
7757.606207	503	503	397
7757.626207	503	502	396
7757.646207	503	502	397
7757.666207	504	503	397
7757.686207	504	501	396
7757.706207	503	502	397
7757.726207	504	502	397
7757.741554	504	503	396
7757.761554	504	502	396
7757.781554	504	502	396
7757.801554	504	502	397
7757.821554	503	502	396
7757.841554	504	502	397
7757.861554	503	502	397
7757.881554	503	502	396
7757.901554	503	501	397
7757.921554	504	503	396
7757.936927	504	502	396
7757.956927	503	502	397
7757.976927	503	501	397
7757.996927	504	502	397
7758.016927	503	502	396
7758.036927	504	502	396
7758.056927	503	502	397
7758.076927	503	502	397
7758.096927	504	502	397
7758.116927	504	502	396
7758.132283	505	502	396
7758.152283	504	502	396
7758.172283	504	502	397
7758.192283	504	501	396
7758.212283	503	502	397
7758.232283	504	502	397
7758.252283	503	502	396
7758.272283	503	502	397
7758.292283	504	503	397
7758.312283	504	501	397
7758.327648	504	502	397
7758.347648	503	502	397
7758.367648	504	502	397
7758.387648	503	502	397
7758.407648	504	503	397
7758.427648	504	502	397
7758.447648	503	502	396
7758.467648	504	503	397
7758.487648	504	502	396
7758.507648	504	502	397
7758.522995	504	503	397
7758.542995	504	503	397
7758.562995	504	502	397
7758.582995	503	502	396
7758.602995	503	503	397
7758.622995	503	503	397
7758.642995	504	502	397
7758.662995	504	502	397
7758.682995	503	502	397
7758.702995	503	502	397
7758.718368	504	502	396
7758.738368	504	502	397
7758.758368	504	502	396
7758.778368	503	503	397
7758.798368	504	502	397
7758.818368	504	503	397
7758.838368	504	502	396
7758.858368	504	503	397
7758.878368	504	502	396
7758.898368	504	502	396
7758.913724	503	502	397
7758.933724	504	503	396
7758.953724	504	502	397
7758.973724	504	502	397
7758.993724	504	502	397
7759.013724	504	503	396
7759.033724	503	502	396
7759.053724	503	502	396
7759.073724	503	503	397
7759.093724	503	501	397
7759.109089	504	502	397
7759.129089	503	502	397
7759.149089	503	503	396
7759.169089	504	502	397
7759.189089	504	502	396
7759.209089	504	502	397
7759.229089	504	502	397
7759.249089	504	502	397
7759.269089	503	503	397
7759.289089	504	502	397
7759.304436	503	502	396
7759.324436	504	503	397
7759.344436	504	502	397
7759.364436	503	501	396
7759.384436	504	502	396
7759.404436	504	502	395
7759.424436	503	503	396
7759.444436	503	502	396
7759.464436	503	502	396
7759.484436	504	502	396
7759.499809	504	502	397
7759.519809	503	502	397
7759.539809	504	502	396
7759.559809	504	502	397
7759.579809	503	502	396
7759.599809	502	502	397
7759.619809	504	502	397
7759.639809	504	502	397
7759.659809	504	503	396
7759.679809	503	503	397
7759.695165	504	502	397
7759.715165	503	502	396
7759.735165	504	502	397
7759.755165	503	502	396
7759.775165	504	502	396
7759.795165	504	502	397
7759.815165	504	502	397
7759.835165	504	502	397
7759.855165	503	502	397
7759.875165	503	502	397
7759.890530	503	501	396
7759.910530	503	502	397
7759.930530	503	502	397
7759.950530	503	502	396
7759.970530	504	502	397
7759.990530	504	502	396
7760.010530	504	502	396
7760.030530	503	501	396
7760.050530	503	502	397
7760.070530	504	502	397
7760.085877	504	501	397
7760.105877	504	502	397
7760.125877	504	503	397
7760.145877	504	502	397
7760.165877	504	502	396
7760.185877	504	503	397
7760.205877	503	502	396
7760.225877	504	502	397
7760.245877	504	502	397
7760.265877	503	503	396
7760.281250	504	502	396
7760.301250	503	502	396
7760.321250	503	502	397
7760.341250	504	502	397
7760.361250	503	503	396
7760.381250	503	502	397
7760.401250	504	502	397
7760.421250	503	502	396
7760.441250	504	502	397
7760.461250	503	502	396
7760.476606	504	502	397
7760.496606	504	502	397
7760.516606	503	502	397
7760.536606	503	502	396
7760.556606	503	502	397
7760.576606	504	502	396
7760.596606	504	502	397
7760.616606	503	502	397
7760.636606	504	502	397
7760.656606	504	501	397
7760.671970	505	502	397
7760.691970	503	501	397
7760.711970	504	502	396
7760.731970	504	502	396
7760.751970	504	502	398
7760.771970	504	502	396
7760.791970	504	502	397
7760.811970	503	502	397
7760.831970	504	503	397
7760.851970	504	502	397
7760.867326	503	502	396
7760.887326	504	501	397
7760.907326	504	503	396
7760.927326	504	502	397
7760.947326	504	503	396
7760.967326	504	502	397
7760.987326	503	502	397
7761.007326	504	503	396
7761.027326	503	503	397
7761.047326	504	502	397
7761.062691	503	503	396
7761.082691	503	502	398
7761.102691	504	503	396
7761.122691	504	502	397
7761.142691	504	502	396
7761.162691	504	502	397
7761.182691	504	502	397
7761.202691	503	502	396
7761.222691	504	502	397
7761.242691	504	502	396
7761.258056	503	501	397
7761.278056	504	502	397
7761.298056	504	502	397
7761.318056	504	502	397
7761.338056	504	502	397
7761.358056	503	502	397
7761.378056	503	501	397
7761.398056	503	502	396
7761.418056	504	502	397
7761.438056	503	502	397
7761.453411	505	503	396
7761.473411	503	502	396
7761.493411	503	502	397
7761.513411	503	502	396
7761.533411	504	502	397
7761.553411	503	502	397
7761.573411	504	502	397
7761.593411	505	502	396
7761.613411	503	502	397
7761.633411	505	502	397
7761.648767	504	502	397
7761.668767	504	502	396
7761.688767	504	502	397
7761.708767	504	502	396
7761.728767	503	501	396
7761.748767	504	502	397
7761.768767	505	502	396
7761.788767	504	502	397
7761.808767	503	502	397
7761.828767	504	502	396
7761.844132	504	502	397
7761.864132	503	502	396
7761.884132	503	503	397
7761.904132	504	503	397
7761.924132	503	502	396
7761.944132	504	502	397
7761.964132	503	502	397
7761.984132	504	502	397
7762.004132	503	502	396
7762.024132	504	502	397
7762.039497	504	502	396
7762.059497	504	502	396
7762.079497	504	502	395
7762.099497	504	502	397
7762.119497	503	502	397
7762.139497	504	502	396
7762.159497	504	502	397
7762.179497	503	502	396
7762.199497	504	502	397
7762.219497	504	502	396
7762.234852	504	503	396
7762.254852	503	502	397
7762.274852	504	502	397
7762.294852	504	502	396
7762.314852	503	502	397
7762.334852	503	503	398
7762.354852	503	502	398
7762.374852	504	502	397
7762.394852	504	502	398
7762.414852	503	502	397
7762.430208	504	502	396
7762.450208	503	501	397
7762.470208	504	502	396
7762.490208	503	502	398
7762.510208	504	502	397
7762.530208	503	502	397
7762.550208	503	502	397
7762.570208	503	502	396
7762.590208	504	502	397
7762.610208	503	502	397
7762.625573	504	502	397
7762.645573	503	502	396
7762.665573	504	502	397
7762.685573	504	503	396
7762.705573	503	502	397
7762.725573	503	502	396
7762.745573	504	502	396
7762.765573	504	502	397
7762.785573	503	502	396
7762.805573	503	503	396
7762.820938	504	502	397
7762.840938	503	502	397
7762.860938	504	502	397
7762.880938	503	502	396
7762.900938	504	502	397
7762.920938	504	502	395
7762.940938	504	502	397
7762.960938	504	502	397
7762.980938	504	502	397
7763.000937	504	502	397
7763.016293	503	502	397
7763.036293	503	502	397
7763.056293	504	503	397
7763.076293	504	502	396
7763.096293	504	503	396
7763.116293	503	502	396
7763.136293	504	502	397
7763.156293	503	502	397
7763.176293	503	502	396
7763.196293	503	502	397
7763.211649	504	502	397
7763.231649	504	501	396
7763.251649	503	502	396
7763.271649	504	503	396
7763.291649	504	502	397
7763.311649	503	502	397
7763.331649	503	502	397
7763.351649	504	502	397
7763.371649	504	502	397
7763.391649	504	503	397
7763.407014	504	501	397
7763.427014	505	501	397
7763.447014	504	502	397
7763.467014	504	502	396
7763.487014	503	502	396
7763.507014	504	502	396
7763.527014	504	503	397
7763.547014	504	502	396
7763.567014	505	502	397
7763.587014	504	502	397
7763.602378	504	503	396
7763.622378	504	501	396
7763.642378	503	502	397
7763.662378	503	502	397
7763.682378	504	502	396
7763.702378	504	502	397
7763.722378	504	502	397
7763.742378	504	502	397
7763.762378	503	502	397
7763.782378	504	501	397
7763.797734	503	501	397
7763.817734	504	502	396
7763.837734	504	502	396
7763.857734	504	502	397
7763.877734	503	502	396
7763.897734	504	502	397
7763.917734	504	502	397
7763.937734	504	502	397
7763.957734	503	503	397
7763.977734	504	503	397
7763.993090	504	502	397
7764.013090	503	502	396
7764.033090	503	502	396
7764.053090	504	503	396
7764.073090	503	502	396
7764.093090	504	503	397
7764.113090	504	502	397
7764.133090	503	502	396
7764.153090	504	502	397
7764.173090	504	501	396
7764.188455	504	501	396
7764.208455	504	501	396
7764.228455	504	502	396
7764.248455	504	502	396
7764.268455	504	502	397
7764.288455	504	502	397
7764.308455	504	502	396
7764.328455	504	502	397
7764.348455	504	503	396
7764.368455	503	503	397
7764.383819	504	502	397
7764.403819	503	502	396
7764.423819	504	503	397
7764.443819	503	502	397
7764.463819	504	501	396
7764.483819	504	503	397
7764.503819	503	503	397
7764.523819	503	501	396
7764.543819	503	502	397
7764.563819	504	501	396
7764.579175	504	502	396
7764.599175	504	502	397
7764.619175	503	501	397
7764.639175	504	502	397
7764.659175	504	502	397
7764.679175	504	502	397
7764.699175	504	502	397
7764.719175	504	502	397
7764.739175	503	503	397
7764.759175	503	502	397
7764.774531	504	502	397
7764.794531	504	502	397
7764.814531	504	502	396
7764.834531	503	502	396
7764.854531	503	502	397
7764.874531	503	502	397
7764.894531	504	502	397
7764.914531	504	502	397
7764.934531	502	502	397
7764.954531	504	502	397
7764.969896	504	502	396
7764.989896	502	503	396
7765.009896	504	503	397
7765.029896	504	502	397
7765.049896	504	502	397
7765.069896	504	502	397
7765.089896	504	502	396
7765.109896	504	502	398
7765.129896	504	502	397
7765.149896	504	502	398
7765.165260	503	502	396
7765.185260	503	503	396
7765.205260	504	502	397
7765.225260	504	502	397
7765.245260	504	503	397
7765.265260	504	502	397
7765.285260	504	502	397
7765.305260	503	502	396
7765.325260	504	503	396
7765.345260	504	502	397
7765.360625	504	502	396
7765.380625	505	503	397
7765.400625	503	502	397
7765.420625	503	502	396
7765.440625	504	502	396
7765.460625	504	501	398
7765.480625	504	502	396
7765.500625	503	502	397
7765.520625	503	502	397
7765.540625	504	503	397
7765.555972	504	502	397
7765.575972	503	502	397
7765.595972	504	502	397
7765.615972	504	502	397
7765.635972	504	502	397
7765.655972	503	503	397
7765.675972	504	502	397
7765.695972	504	502	397
7765.715972	503	502	396
7765.735972	503	502	396
7765.751345	504	502	397
7765.771345	504	502	397
7765.791345	503	502	396
7765.811345	503	502	396
7765.831345	503	502	397
7765.851345	504	502	396
7765.871345	503	502	397
7765.891345	503	502	397
7765.911345	503	502	397
7765.931345	504	503	397
7765.946701	503	502	397
7765.966701	504	502	397
7765.986701	503	502	396
7766.006701	504	502	396
7766.026701	503	502	397
7766.046701	504	501	397
7766.066701	503	502	396
7766.086701	503	502	397
7766.106701	504	502	396
7766.126701	504	502	396
7766.142066	504	502	397
7766.162066	503	502	397
7766.182066	503	502	397
7766.202066	503	502	396
7766.222066	503	502	397
7766.242066	503	503	397
7766.262066	504	502	397
7766.282066	504	502	397
7766.302066	504	502	397
7766.322066	504	502	396
7766.337413	504	502	397
7766.357413	504	502	397
7766.377413	504	503	397
7766.397413	503	503	396
7766.417413	504	502	397
7766.437413	503	503	397
7766.457413	503	502	397
7766.477413	504	502	397
7766.497413	504	502	396
7766.517413	503	503	396
7766.532786	504	502	397
7766.552786	504	501	397
7766.572786	503	502	396
7766.592786	504	502	397
7766.612786	504	502	397
7766.632786	503	501	397
7766.652786	503	502	397
7766.672786	503	502	397
7766.692786	503	502	397
7766.712786	503	501	396
7766.728142	504	502	397
7766.748142	503	502	397
7766.768142	503	502	397
7766.788142	504	502	397
7766.808142	503	502	397
7766.828142	503	502	397
7766.848142	504	502	397
7766.868142	504	502	396
7766.888142	504	501	397
7766.908142	504	502	396
7766.923507	503	502	397
7766.943507	504	503	398
7766.963507	504	502	397
7766.983507	503	502	397
7767.003507	505	502	397
7767.023507	504	503	397
7767.043507	504	502	396
7767.063507	504	502	397
7767.083507	504	502	397
7767.103507	504	502	397
7767.118854	503	501	397
7767.138854	504	502	396
7767.158854	504	502	396
7767.178854	503	502	397
7767.198854	503	503	397
7767.218854	503	502	397
7767.238854	504	502	396
7767.258854	502	501	397
7767.278854	503	502	397
7767.298854	503	502	396
7767.314227	503	502	397
7767.334227	504	503	396
7767.354227	504	502	397
7767.374227	503	502	396
7767.394227	504	502	397
7767.414227	503	502	397
7767.434227	503	502	397
7767.454227	504	502	397
7767.474227	504	502	396
7767.494227	504	501	397
7767.509583	503	502	396
7767.529583	503	502	397
7767.549583	504	502	397
7767.569583	504	502	397
7767.589583	504	502	397
7767.609583	503	502	396
7767.629583	503	502	396
7767.649583	503	502	396
7767.669583	504	501	397
7767.689583	504	502	397
7767.704948	504	502	397
7767.724948	504	502	396
7767.744948	504	502	396
7767.764948	503	502	397
7767.784948	503	501	397
7767.804948	504	502	396
7767.824948	504	502	396
7767.844948	504	502	397
7767.864948	504	502	397
7767.884948	504	502	396
7767.900295	504	503	397
7767.920295	503	502	397
7767.940295	504	501	396
7767.960295	504	502	396
7767.980295	504	503	397
7768.000295	503	502	396
7768.020295	504	502	397
7768.040295	503	502	396
7768.060295	503	502	397
7768.080295	503	502	396
7768.095668	504	502	397
7768.115668	504	502	397
7768.135668	504	502	397
7768.155668	503	502	397
7768.175668	503	502	396
7768.195668	503	502	397
7768.215668	504	502	397
7768.235668	504	502	397
7768.255668	503	503	397
7768.275668	504	502	397
7768.291024	504	502	396
7768.311024	503	502	397
7768.331024	504	502	397
7768.351024	504	502	397
7768.371024	502	503	396
7768.391024	503	503	397
7768.411024	503	503	397
7768.431024	504	502	398
7768.451024	504	502	397
7768.471024	504	503	398
7768.486389	504	502	397
7768.506389	503	501	397
7768.526389	503	502	397
7768.546389	503	503	397
7768.566389	504	502	397
7768.586389	504	502	397
7768.606389	503	502	397
7768.626389	505	502	397
7768.646389	503	502	397
7768.666389	504	502	396
7768.681745	504	502	398
7768.701745	503	502	397
7768.721745	504	502	396
7768.741745	504	502	397
7768.761745	503	502	396
7768.781745	504	502	397
7768.801745	504	502	397
7768.821745	504	502	397
7768.841745	504	502	397
7768.861745	503	502	396
7768.877109	505	502	398
7768.897109	504	503	397
7768.917109	503	502	396
7768.937109	504	502	396
7768.957109	504	503	397
7768.977109	504	502	396
7768.997109	503	502	396
7769.017109	504	502	396
7769.037109	504	501	397
7769.057109	504	502	396
7769.072465	504	502	397
7769.092465	504	502	397
7769.112465	504	502	396
7769.132465	504	503	398
7769.152465	504	502	397
7769.172465	504	502	396
7769.192465	502	501	398
7769.212465	504	502	397
7769.232465	504	503	396
7769.252465	504	502	397
7769.267830	503	502	397
7769.287830	504	502	396
7769.307830	503	502	397
7769.327830	504	502	397
7769.347830	504	502	397
7769.367830	503	502	396
7769.387830	504	502	397
7769.407830	504	503	397
7769.427830	503	502	396
7769.447830	503	502	397
7769.463186	503	502	397
7769.483186	504	502	396
7769.503186	503	502	396
7769.523186	504	502	397
7769.543186	504	502	397
7769.563186	504	502	397
7769.583186	504	503	398
7769.603186	504	502	398
7769.623186	504	502	396
7769.643186	503	502	396
7769.658550	504	501	397
7769.678550	504	502	396
7769.698550	503	502	396
7769.718550	503	503	397
7769.738550	503	503	397
7769.758550	503	502	397
7769.778550	504	501	397
7769.798550	504	502	396
7769.818550	504	502	397
7769.838550	504	502	396
7769.853915	504	503	397
7769.873915	504	502	397
7769.893915	503	502	397
7769.913915	504	503	397
7769.933915	503	502	396
7769.953915	503	502	396
7769.973915	503	502	396
7769.993915	505	502	397
7770.013915	503	503	396
7770.033915	503	502	397
7770.049271	503	502	397
7770.069271	504	503	397
7770.089271	503	502	397
7770.109271	504	502	397
7770.129271	504	501	396
7770.149271	504	502	396
7770.169271	504	502	397
7770.189271	503	502	397
7770.209271	504	502	397
7770.229271	504	502	396
7770.244627	503	502	397
7770.264627	504	502	397
7770.284627	503	502	397
7770.304627	504	502	396
7770.324627	504	502	397
7770.344627	504	502	397
7770.364627	503	502	396
7770.384627	504	502	397
7770.404627	504	502	397
7770.424627	504	502	397
7770.439991	504	502	397
7770.459991	503	501	396
7770.479991	504	502	396
7770.499991	503	502	396
7770.519991	504	503	397
7770.539991	503	502	397
7770.559991	503	502	397
7770.579991	503	502	397
7770.599991	504	502	397
7770.619991	504	501	397
7770.635356	504	503	397
7770.655356	504	501	396
7770.675356	503	502	398
7770.695356	503	502	396
7770.715356	503	502	396
7770.735356	504	502	397
7770.755356	504	502	397
7770.775356	504	502	397
7770.795356	503	502	397
7770.815356	504	502	397
7770.830712	503	502	397
7770.850712	504	502	396
7770.870712	504	502	396
7770.890712	503	502	397
7770.910712	504	502	397
7770.930712	504	502	397
7770.950712	503	502	396
7770.970712	504	502	397
7770.990712	504	502	396
7771.010712	503	502	396
7771.026068	504	503	398
7771.046068	504	502	396
7771.066068	503	503	397
7771.086068	503	501	397
7771.106068	503	502	397
7771.126068	504	502	397
7771.146068	504	502	397
7771.166068	503	503	396
7771.186068	503	502	397
7771.206068	503	502	396
7771.221432	504	502	396
7771.241432	503	502	396
7771.261432	503	502	396
7771.281432	503	503	396
7771.301432	503	503	397
7771.321432	504	502	397
7771.341432	503	503	397
7771.361432	503	502	396
7771.381432	503	503	397
7771.401432	504	503	397
7771.416797	504	502	396
7771.436797	503	502	396
7771.456797	503	502	397
7771.476797	503	502	397
7771.496797	504	503	397
7771.516797	504	503	396
7771.536797	504	502	396
7771.556797	504	502	396
7771.576797	504	502	397
7771.596797	504	502	397
7771.612153	504	503	396
7771.632153	504	502	397
7771.652153	503	502	397
7771.672153	504	502	396
7771.692153	504	502	396
7771.712153	504	502	397
7771.732153	503	502	396
7771.752153	504	502	397
7771.772153	503	502	396
7771.792153	504	502	397
7771.807509	504	502	396
7771.827509	504	502	396
7771.847509	504	502	396
7771.867509	504	502	396
7771.887509	504	502	397
7771.907509	503	502	398
7771.927509	504	502	397
7771.947509	503	502	397
7771.967509	504	502	396
7771.987509	504	502	396
7772.002873	503	502	397
7772.022873	503	503	397
7772.042873	504	502	396
7772.062873	504	502	397
7772.082873	504	502	397
7772.102873	503	502	396
7772.122873	504	502	397
7772.142873	503	502	397
7772.162873	505	502	397
7772.182873	504	502	396
7772.198238	504	502	396
7772.218238	504	502	397
7772.238238	503	503	397
7772.258238	503	502	397
7772.278238	503	501	397
7772.298238	503	503	397
7772.318238	504	502	396
7772.338238	504	503	397
7772.358238	503	502	396
7772.378238	504	502	397
7772.393594	503	502	397
7772.413594	504	503	397
7772.433594	503	502	397
7772.453594	504	502	397
7772.473594	504	502	396
7772.493594	504	502	397
7772.513594	504	503	397
7772.533594	504	502	397
7772.553594	504	503	397
7772.573594	503	502	397
7772.588950	503	501	397
7772.608950	504	501	397
7772.628950	504	503	397
7772.648950	504	502	396
7772.668950	503	502	397
7772.688950	503	502	396
7772.708950	504	502	397
7772.728950	503	502	396
7772.748950	504	503	396
7772.768950	503	502	396
7772.784314	503	501	396
7772.804314	504	502	396
7772.824314	504	502	396
7772.844314	504	502	396
7772.864314	504	501	396
7772.884314	504	502	396
7772.904314	504	502	396
7772.924314	503	502	396
7772.944314	504	502	396
7772.964314	504	503	397
7772.979679	503	503	396
7772.999679	504	502	396
7773.019679	503	502	397
7773.039679	504	503	397
7773.059679	503	502	397
7773.079679	504	502	397
7773.099679	503	502	397
7773.119679	503	503	397
7773.139679	504	502	396
7773.159679	505	502	397
7773.175035	504	501	397
7773.195035	504	502	397
7773.215035	503	502	397
7773.235035	503	502	397
7773.255035	504	502	397
7773.275035	503	501	397
7773.295035	504	502	397
7773.315035	503	503	397
7773.335035	504	502	397
7773.355035	504	503	397
7773.370391	503	502	397
7773.390391	503	502	397
7773.410391	504	501	397
7773.430391	504	502	397
7773.450391	503	502	397
7773.470391	504	501	397
7773.490391	504	502	397
7773.510391	504	502	396
7773.530391	504	502	397
7773.550391	503	502	397
7773.565764	503	502	397
7773.585764	504	502	396
7773.605764	504	503	396
7773.625764	504	502	397
7773.645764	504	503	397
7773.665764	504	502	397
7773.685764	504	502	396
7773.705764	503	502	397
7773.725764	503	503	397
7773.745764	504	502	397
7773.761120	503	502	397
7773.781120	504	502	397
7773.801120	504	502	397
7773.821120	503	502	397
7773.841120	503	503	397
7773.861120	504	502	397
7773.881120	503	502	397
7773.901120	503	502	396
7773.921120	503	502	396
7773.941120	504	502	397
7773.956484	504	502	396
7773.976484	504	502	397
7773.996484	504	503	397
7774.016484	503	502	396
7774.036484	504	501	397
7774.056484	504	502	396
7774.076484	504	502	397
7774.096484	504	503	396
7774.116484	503	502	396
7774.136484	503	502	397
7774.151832	503	502	397
7774.171832	503	503	397
7774.191832	504	502	396
7774.211832	504	502	396
7774.231832	503	502	397
7774.251832	503	502	398
7774.271832	504	502	397
7774.291832	504	503	396
7774.311832	504	502	397
7774.331832	504	502	396
7774.347205	503	502	397
7774.367205	503	501	397
7774.387205	504	502	396
7774.407205	504	502	397
7774.427205	503	503	396
7774.447205	503	503	397
7774.467205	504	501	397
7774.487205	503	502	397
7774.507205	504	502	397
7774.527205	503	503	397
7774.542561	504	502	397
7774.562561	504	502	397
7774.582561	504	502	397
7774.602561	504	502	398
7774.622561	504	503	396
7774.642561	505	502	397
7774.662561	503	502	397
7774.682561	504	502	396
7774.702561	504	502	396
7774.722561	505	502	396
7774.737925	503	501	397
7774.757925	503	503	397
7774.777925	504	502	397
7774.797925	504	502	397
7774.817925	503	502	397
7774.837925	504	502	397
7774.857925	504	503	397
7774.877925	504	502	396
7774.897925	504	503	397
7774.917925	503	502	396
7774.933273	504	501	396
7774.953273	504	502	396
7774.973273	503	502	397
7774.993273	503	502	397
7775.013273	503	502	397
7775.033273	504	502	396
7775.053273	503	502	397
7775.073273	504	502	397
7775.093273	503	502	397
7775.113273	503	502	397
7775.134514	503	502	397
7775.154514	504	503	398
7775.174514	504	502	395
7775.194514	503	502	397
7775.214514	504	502	398
7775.234514	504	503	396
7775.254514	504	501	397
7775.274514	504	502	397
7775.294514	503	502	397
7775.314514	503	502	397
7775.324002	503	502	396
7775.344002	503	502	396
7775.364002	504	501	396
7775.384002	505	502	397
7775.404002	503	502	397
7775.424002	504	502	397
7775.444002	503	502	398
7775.464002	504	502	396
7775.484002	504	502	397
7775.504002	504	502	397
7775.519366	503	502	397
7775.539366	504	502	397
7775.559366	505	502	397
7775.579366	503	502	396
7775.599366	504	503	396
7775.619366	504	502	397
7775.639366	504	502	397
7775.659366	503	502	397
7775.679366	503	503	397
7775.699366	504	502	396
7775.714714	503	502	397
7775.734714	503	502	397
7775.754714	503	502	397
7775.774714	503	502	397
7775.794714	504	503	397
7775.814714	503	502	397
7775.834714	504	502	397
7775.854714	505	502	396
7775.874714	503	502	397
7775.894714	504	503	397
7775.910087	504	502	397
7775.930087	504	502	397
7775.950087	504	502	397
7775.970087	504	503	397
7775.990087	504	502	396
7776.010087	504	503	397
7776.030087	503	502	397
7776.050087	504	502	396
7776.070087	503	502	397
7776.090087	505	502	396
7776.105443	503	502	397
7776.125443	503	502	397
7776.145443	503	503	397
7776.165443	503	502	397
7776.185443	503	502	396
7776.205443	504	502	397
7776.225443	504	502	397
7776.245443	504	503	396
7776.265443	504	502	397
7776.285443	503	502	397
7776.300807	504	502	397
7776.320807	504	502	397
7776.340807	504	502	397
7776.360807	503	502	396
7776.380807	504	503	397
7776.400807	504	502	396
7776.420807	504	502	397
7776.440807	503	502	396
7776.460807	504	502	397
7776.480807	503	502	396
7776.496155	503	503	397
7776.516155	504	502	397
7776.536155	504	503	397
7776.556155	504	502	396
7776.576155	503	502	397
7776.596155	504	503	397
7776.616155	504	502	396
7776.636155	503	502	396
7776.656155	502	502	396
7776.676155	503	502	397
7776.691528	503	502	397
7776.711528	504	502	397
7776.731528	503	502	397
7776.751528	503	502	396
7776.771528	504	502	397
7776.791528	504	503	397
7776.811528	504	502	397
7776.831528	504	503	397
7776.851528	503	502	397
7776.871528	503	503	397
7776.886884	504	502	397
7776.906884	503	503	397
7776.926884	504	502	397
7776.946884	504	503	396
7776.966884	504	502	397
7776.986884	504	502	397
7777.006884	504	503	396
7777.026884	504	502	396
7777.046884	504	503	396
7777.066884	503	502	397
7777.082248	504	502	397
7777.102248	504	502	397
7777.122248	504	502	397
7777.142248	504	503	397
7777.162248	503	502	397
7777.182248	504	502	396
7777.202248	503	502	397
7777.222248	503	502	396
7777.242248	503	502	397
7777.262248	504	502	397
7777.277595	503	501	396
7777.297595	503	502	397
7777.317595	504	502	397
7777.337595	503	502	397
7777.357595	503	502	397
7777.377595	504	502	397
7777.397595	504	502	397
7777.417595	504	502	397
7777.437595	503	502	397
7777.457595	503	502	396
7777.472969	503	502	397
7777.492969	503	502	397
7777.512969	504	502	397
7777.532969	504	503	397
7777.552969	504	502	397
7777.572969	503	502	396
7777.592969	503	502	396
7777.612969	504	502	396
7777.632969	504	501	397
7777.652969	504	503	397
7777.668333	504	503	396
7777.688333	504	502	397
7777.708333	504	502	397
7777.728333	504	501	397
7777.748333	504	502	396
7777.768333	504	502	396
7777.788333	503	501	397
7777.808333	503	502	397
7777.828333	503	502	396
7777.848333	504	501	396
7777.863689	503	502	396
7777.883689	503	502	397
7777.903689	504	502	397
7777.923689	504	503	397
7777.943689	503	502	397
7777.963689	504	502	397
7777.983689	504	503	396
7778.003689	504	502	397
7778.023689	503	502	397
7778.043689	503	503	397
7778.059045	503	502	396
7778.079045	503	502	396
7778.099045	503	502	397
7778.119045	504	502	396
7778.139045	504	502	397
7778.159045	504	502	396
7778.179045	504	502	397
7778.199045	503	502	397
7778.219045	504	502	396
7778.239045	504	502	397
7778.254410	503	502	397
7778.274410	504	502	396
7778.294410	503	502	397
7778.314410	504	503	397
7778.334410	503	502	397
7778.354410	503	501	397
7778.374410	504	502	397
7778.394410	503	502	397
7778.414410	505	501	396
7778.434410	504	502	397
7778.449774	503	502	397
7778.469774	504	502	397
7778.489774	504	502	397
7778.509774	504	503	397
7778.529774	504	502	397
7778.549774	504	502	397
7778.569774	504	502	397
7778.589774	504	503	397
7778.609774	504	502	397
7778.629774	503	502	396
7778.645130	504	502	397
7778.665130	504	503	397
7778.685130	503	503	398
7778.705130	503	502	397
7778.725130	503	502	396
7778.745130	505	503	397
7778.765130	503	502	397
7778.785130	503	502	396
7778.805130	504	501	396
7778.825130	504	502	397
7778.840486	503	503	396
7778.860486	504	503	397
7778.880486	504	501	397
7778.900486	504	502	396
7778.920486	505	502	397
7778.940486	503	503	397
7778.960486	504	502	397
7778.980486	504	502	397
7779.000486	504	502	397
7779.020486	503	502	396
7779.035851	503	502	396
7779.055851	505	502	397
7779.075851	503	502	397
7779.095851	502	502	397
7779.115851	504	503	396
7779.135851	504	502	397
7779.155851	503	503	396
7779.175851	503	502	397
7779.195851	503	502	397
7779.215851	504	502	396
7779.231215	504	503	396
7779.251215	504	502	396
7779.271215	504	503	396
7779.291215	503	502	396
7779.311215	504	502	397
7779.331215	503	502	396
7779.351215	504	502	395
7779.371215	503	502	397
7779.391215	504	502	397
7779.411215	504	502	396
7779.426571	503	502	396
7779.446571	503	502	396
7779.466571	504	502	397
7779.486571	503	502	396
7779.506571	503	502	397
7779.526571	504	503	397
7779.546571	504	502	397
7779.566571	504	502	397
7779.586571	503	502	396
7779.606571	503	502	396
7779.621927	504	503	396
7779.641927	503	502	397
7779.661927	504	501	397
7779.681927	504	502	397
7779.701927	504	502	397
7779.721927	504	502	397
7779.741927	504	502	397
7779.761927	503	503	397
7779.781927	503	502	397
7779.801927	503	503	397
7779.817292	503	502	396
7779.837292	504	502	397
7779.857292	503	502	396
7779.877292	503	501	397
7779.897292	504	502	397
7779.917292	503	503	396
7779.937292	504	502	397
7779.957292	503	501	397
7779.977292	503	502	396
7779.997292	503	501	398
7780.012656	503	502	396
7780.032656	504	502	397
7780.052656	504	502	397
7780.072656	504	502	397
7780.092656	503	501	397
7780.112656	504	502	398
7780.132656	503	502	397
7780.152656	503	502	397
7780.172656	503	501	397
7780.192656	504	502	397
7780.208012	503	503	397
7780.228012	503	502	397
7780.248012	504	502	396
7780.268012	504	502	397
7780.288012	503	501	397
7780.308012	503	502	397
7780.328012	504	501	397
7780.348012	503	502	397
7780.368012	504	502	397
7780.388012	504	503	398
7780.403368	503	502	396
7780.423368	504	502	397
7780.443368	504	502	397
7780.463368	504	502	397
7780.483368	505	502	397
7780.503368	504	503	397
7780.523368	503	503	397
7780.543368	504	502	397
7780.563368	503	502	397
7780.583368	504	501	397
7780.598733	503	502	397
7780.618733	504	502	397
7780.638733	503	502	395
7780.658733	503	502	397
7780.678733	503	502	396
7780.698733	504	502	396
7780.718733	504	503	398
7780.738733	503	502	397
7780.758733	503	503	396
7780.778733	504	502	398
7780.794097	503	502	396
7780.814097	504	502	397
7780.834097	503	502	397
7780.854097	504	502	397
7780.874097	504	502	397
7780.894097	504	501	397
7780.914097	504	502	397
7780.934097	503	503	397
7780.954097	504	502	396
7780.974097	503	502	396
7780.989453	504	502	397
7781.009453	503	502	396
7781.029453	504	502	397
7781.049453	505	502	397
7781.069453	504	501	397
7781.089453	504	501	397
7781.109453	503	502	397
7781.129453	504	503	397
7781.149453	503	502	397
7781.169453	504	503	396
7781.184818	503	502	397
7781.204818	504	502	396
7781.224818	504	502	396
7781.244818	504	503	397
7781.264818	504	502	396
7781.284818	504	502	396
7781.304818	503	502	397
7781.324818	504	502	396
7781.344818	504	502	397
7781.364818	503	502	397
7781.380174	503	503	397
7781.400174	503	502	396
7781.420174	504	502	397
7781.440174	504	501	397
7781.460174	503	502	397
7781.480174	504	502	397
7781.500174	504	502	397
7781.520174	504	502	396
7781.540174	504	502	396
7781.560174	504	502	396
7781.575538	503	502	396
7781.595538	504	502	397
7781.615538	504	502	397
7781.635538	504	502	397
7781.655538	504	502	398
7781.675538	504	502	396
7781.695538	504	502	397
7781.715538	504	502	397
7781.735538	503	502	396
7781.755538	503	502	396
7781.770894	504	501	396
7781.790894	504	502	396
7781.810894	504	502	396
7781.830894	504	503	397
7781.850894	504	501	397
7781.870894	504	502	397
7781.890894	503	502	396
7781.910894	504	502	397
7781.930894	503	502	396
7781.950894	504	502	397
7781.966250	503	502	397
7781.986250	504	502	397
7782.006250	503	502	397
7782.026250	504	503	397
7782.046250	504	501	396
7782.066250	504	503	396
7782.086250	503	502	397
7782.106250	504	502	397
7782.126250	503	502	397
7782.146250	503	502	397
7782.161623	503	502	397
7782.181623	504	503	396
7782.201623	504	502	396
7782.221623	504	502	397
7782.241623	504	502	397
7782.261623	503	502	396
7782.281623	504	501	397
7782.301623	503	502	397
7782.321623	503	502	397
7782.341623	504	502	397
7782.356979	503	502	396
7782.376979	502	502	397
7782.396979	504	501	396
7782.416979	504	503	397
7782.436979	504	502	396
7782.456979	504	503	397
7782.476979	504	502	397
7782.496979	504	503	397
7782.516979	503	503	397
7782.536979	504	503	396
7782.552344	504	503	397
7782.572344	503	502	396
7782.592344	503	503	397
7782.612344	503	502	397
7782.632344	504	502	397
7782.652344	504	501	397
7782.672344	504	502	397
7782.692344	503	502	397
7782.712344	504	502	396
7782.732344	504	502	397
7782.747691	503	502	397
7782.767691	504	502	397
7782.787691	504	501	397
7782.807691	503	502	397
7782.827691	504	501	396
7782.847691	504	502	396
7782.867691	503	502	397
7782.887691	505	502	396
7782.907691	504	501	397
7782.927691	504	502	398
7782.943064	503	501	397
7782.963064	503	503	396
7782.983064	503	502	397
7783.003064	504	502	396
7783.023064	504	502	397
7783.043064	503	502	396
7783.063064	504	502	397
7783.083064	504	502	397
7783.103064	503	502	397
7783.123064	504	502	397
7783.138420	504	502	396
7783.158420	503	501	396
7783.178420	503	502	397
7783.198420	504	502	396
7783.218420	503	502	396
7783.238420	504	502	396
7783.258420	503	502	397
7783.278420	504	503	396
7783.298420	504	503	398
7783.318420	504	503	397
7783.333785	503	502	396
7783.353785	504	502	397
7783.373785	504	502	397
7783.393785	504	502	397
7783.413785	504	503	397
7783.433785	503	502	397
7783.453785	502	503	396
7783.473785	504	502	397
7783.493785	503	502	396
7783.513785	504	502	397
7783.529132	503	502	397
7783.549132	503	502	397
7783.569132	503	502	395
7783.589132	503	502	398
7783.609132	503	501	397
7783.629132	504	502	397
7783.649132	504	502	397
7783.669132	503	503	396
7783.689132	504	502	397
7783.709132	503	502	396
7783.724505	504	503	396
7783.744505	504	502	397
7783.764505	504	502	397
7783.784505	503	502	397
7783.804505	504	502	397
7783.824505	503	501	397
7783.844505	504	502	397
7783.864505	505	502	396
7783.884505	504	502	397
7783.904505	503	502	396
7783.919861	504	503	397
7783.939861	504	501	396
7783.959861	504	502	396
7783.979861	503	502	396
7783.999861	504	503	397
7784.019861	504	503	397
7784.039861	503	502	397
7784.059861	502	502	396
7784.079861	504	503	397
7784.099861	503	503	396
7784.115226	504	501	397
7784.135226	504	502	396
7784.155226	504	502	397
7784.175226	505	502	397
7784.195226	504	503	397
7784.215226	504	502	397
7784.235226	504	502	397
7784.255226	504	502	397
7784.275226	504	502	397
7784.295226	503	502	397
7784.310573	503	503	397
7784.330573	503	502	397
7784.350573	503	502	397
7784.370573	504	502	397
7784.390573	503	503	397
7784.410573	504	502	397
7784.430573	504	502	396
7784.450573	503	502	397
7784.470573	503	502	397
7784.490573	504	502	397
7784.505946	503	502	397
7784.525946	504	502	397
7784.545946	504	502	396
7784.565946	504	503	397
7784.585946	503	502	397
7784.605946	504	503	396
7784.625946	504	503	396
7784.645946	504	502	397
7784.665946	503	502	397
7784.685946	503	503	397
7784.701302	504	503	396
7784.721302	503	502	397
7784.741302	505	502	397
7784.761302	504	502	396
7784.781302	503	502	396
7784.801302	504	502	396
7784.821302	503	503	397
7784.841302	504	502	397
7784.861302	504	503	397
7784.881302	504	502	397
7784.896667	503	503	396
7784.916667	504	502	396
7784.936667	504	503	397
7784.956667	503	502	397
7784.976667	504	502	397
7784.996667	504	502	396
7785.016667	504	502	397
7785.036667	503	503	396
7785.056667	504	502	397
7785.076667	503	502	397
7785.092014	504	502	397
7785.112014	504	502	397
7785.132014	503	502	397
7785.152014	503	502	397
7785.172014	504	502	397
7785.192014	504	503	397
7785.212014	503	502	398
7785.232014	503	502	397
7785.252014	504	502	397
7785.272014	504	502	396
7785.287387	504	502	397
7785.307387	503	503	396
7785.327387	504	501	397
7785.347387	503	502	397
7785.367387	504	502	397
7785.387387	504	501	396
7785.407387	504	501	396
7785.427387	504	503	397
7785.447387	503	503	397
7785.467387	504	503	397
7785.482743	503	503	397
7785.502743	503	501	397
7785.522743	504	503	397
7785.542743	504	502	397
7785.562743	504	502	397
7785.582743	504	502	396
7785.602743	504	502	397
7785.622743	504	503	397
7785.642743	504	502	397
7785.662743	503	502	397
7785.678108	503	502	397
7785.698108	503	502	397
7785.718108	503	502	397
7785.738108	504	502	397
7785.758108	504	502	397
7785.778108	503	503	397
7785.798108	504	503	397
7785.818108	504	502	397
7785.838108	504	502	397
7785.858108	503	502	397
7785.873455	504	502	397
7785.893455	503	502	397
7785.913455	504	502	397
7785.933455	504	503	396
7785.953455	504	502	397
7785.973455	504	502	396
7785.993455	504	502	397
7786.013455	504	502	396
7786.033455	504	502	396
7786.053455	504	502	397
7786.068828	503	503	397
7786.088828	504	502	397
7786.108828	504	502	397
7786.128828	503	502	396
7786.148828	504	502	396
7786.168828	503	503	396
7786.188828	503	503	397
7786.208828	503	502	397
7786.228828	503	503	396
7786.248828	503	502	397
7786.264193	503	502	397
7786.284193	504	503	396
7786.304193	504	502	396
7786.324193	503	502	397
7786.344193	503	502	397
7786.364193	504	502	397
7786.384193	504	502	397
7786.404193	505	502	397
7786.424193	504	503	397
7786.444193	503	502	397
7786.459549	504	502	397
7786.479549	504	502	397
7786.499549	504	503	397
7786.519549	504	502	397
7786.539549	503	502	396
7786.559549	504	502	397
7786.579549	504	502	397
7786.599549	504	502	397
7786.619549	504	501	396
7786.639549	503	503	397
7786.654913	503	502	397
7786.674913	503	502	397
7786.694913	504	502	397
7786.714913	504	502	397
7786.734913	504	502	397
7786.754913	503	502	397
7786.774913	503	502	396
7786.794913	503	503	396
7786.814913	503	502	396
7786.834913	503	502	396
7786.850269	504	502	396
7786.870269	504	502	397
7786.890269	503	502	397
7786.910269	503	502	397
7786.930269	503	501	397
7786.950269	504	503	397
7786.970269	504	503	396
7786.990269	505	503	397
7787.010269	504	502	397
7787.030269	504	502	396
7787.045634	504	502	396
7787.065634	504	502	397
7787.085634	504	502	396
7787.105634	503	502	397
7787.125634	504	502	397
7787.145634	503	503	397
7787.165634	503	502	397
7787.185634	504	502	396
7787.205634	503	502	397
7787.225634	503	502	396
7787.240990	503	503	397
7787.260990	504	503	396
7787.280990	504	502	397
7787.300990	504	502	396
7787.320990	504	502	397
7787.340990	505	503	396
7787.360990	504	503	396
7787.380990	503	502	396
7787.400990	504	502	397
7787.420990	504	502	397
7787.436345	504	502	396
7787.456345	503	502	396
7787.476345	503	502	397
7787.496345	504	503	396
7787.516345	503	502	396
7787.536345	503	502	396
7787.556345	504	502	397
7787.576345	504	502	397
7787.596345	504	503	397
7787.616345	504	501	396
7787.631710	504	502	396
7787.651710	503	502	397
7787.671710	504	502	396
7787.691710	504	502	397
7787.711710	504	502	397
7787.731710	503	502	396
7787.751710	504	503	396
7787.771710	503	502	397
7787.791710	504	503	397
7787.811710	504	502	397
7787.827075	504	503	397
7787.847075	503	503	397
7787.867075	503	503	397
7787.887075	503	502	396
7787.907075	504	502	397
7787.927075	504	502	397
7787.947075	503	502	397
7787.967075	504	502	396
7787.987075	502	502	397
7788.007075	504	502	397
7788.022431	504	502	396
7788.042431	503	502	396
7788.062431	504	502	397
7788.082431	504	502	397
7788.102431	503	502	396
7788.122431	504	502	397
7788.142431	503	502	396
7788.162431	503	502	397
7788.182431	503	502	397
7788.202431	503	503	397
7788.217786	503	502	397
7788.237786	504	502	397
7788.257786	504	502	397
7788.277786	503	502	396
7788.297786	503	502	397
7788.317786	503	502	396
7788.337786	504	502	397
7788.357786	504	502	396
7788.377786	503	502	397
7788.397786	504	502	397
7788.413151	504	502	397
7788.433151	503	502	396
7788.453151	504	502	396
7788.473151	504	502	397
7788.493151	504	502	396
7788.513151	503	502	396
7788.533151	505	502	397
7788.553151	504	503	398
7788.573151	504	502	396
7788.593151	504	503	397
7788.608516	503	502	397
7788.628516	503	502	396
7788.648516	503	501	397
7788.668516	504	502	397
7788.688516	503	502	397
7788.708516	504	502	397
7788.728516	504	503	397
7788.748516	504	502	397
7788.768516	504	502	396
7788.788516	504	502	397
7788.803872	503	503	397
7788.823872	504	502	397
7788.843872	503	502	397
7788.863872	504	502	397
7788.883872	503	502	397
7788.903872	504	502	397
7788.923872	504	501	396
7788.943872	504	503	397
7788.963872	504	501	397
7788.983872	504	502	397
7788.999227	503	502	396
7789.019227	504	502	397
7789.039227	504	502	397
7789.059227	503	502	397
7789.079227	503	501	396
7789.099227	504	502	397
7789.119227	504	502	397
7789.139227	504	502	397
7789.159227	504	502	396
7789.179227	503	502	396
7789.194592	503	503	397
7789.214592	503	501	397
7789.234592	504	502	396
7789.254592	503	502	397
7789.274592	503	502	396
7789.294592	504	503	396
7789.314592	503	502	396
7789.334592	504	502	397
7789.354592	504	502	397
7789.374592	503	501	396
7789.389957	504	502	397
7789.409957	504	502	397
7789.429957	504	502	396
7789.449957	504	502	397
7789.469957	504	502	397
7789.489957	504	502	396
7789.509957	504	501	397
7789.529957	503	502	397
7789.549957	503	502	397
7789.569957	503	502	397
7789.585313	504	502	396
7789.605312	504	503	397
7789.625313	504	502	397
7789.645312	504	502	396
7789.665313	503	503	397
7789.685312	504	502	397
7789.705313	503	501	396
7789.725312	504	502	397
7789.745313	504	503	397
7789.765312	505	502	397
7789.780668	504	502	397
7789.800668	505	503	396
7789.820668	504	501	396
7789.840668	503	501	397
7789.860668	503	502	396
7789.880668	504	502	397
7789.900668	503	502	396
7789.920668	503	502	397
7789.940668	504	502	397
7789.960668	504	503	396
7789.976033	504	502	397
7789.996033	504	502	397
7790.016033	504	502	397
7790.036033	503	502	397
7790.056033	503	502	397
7790.076033	503	502	396
7790.096033	504	502	397
7790.116033	504	502	397
7790.136033	504	502	397
7790.156033	503	502	397
7790.171398	504	503	396
7790.191398	504	503	398
7790.211398	503	502	395
7790.231398	504	502	397
7790.251398	504	502	399
7790.271398	504	502	396
7790.291398	503	502	397
7790.311398	503	502	397
7790.331398	504	502	396
7790.351398	504	502	396
7790.366762	504	503	397
7790.386762	504	502	397
7790.406762	503	502	397
7790.426762	503	503	396
7790.446762	504	502	397
7790.466762	503	502	397
7790.486762	503	502	397
7790.506762	504	502	396
7790.526762	504	503	397
7790.546762	503	502	397
7790.562109	504	503	396
7790.582109	504	503	396
7790.602109	503	503	397
7790.622109	504	502	397
7790.642109	504	503	397
7790.662109	503	502	397
7790.682109	503	502	397
7790.702109	503	502	396
7790.722109	504	502	397
7790.742109	504	502	396
7790.757483	503	502	396
7790.777483	504	502	396
7790.797483	503	502	397
7790.817483	503	502	396
7790.837483	504	502	397
7790.857483	504	502	397
7790.877483	504	502	397
7790.897483	504	502	396
7790.917483	504	502	396
7790.937483	503	502	397
7790.952839	503	502	396
7790.972839	504	502	397
7790.992839	503	502	397
7791.012839	504	503	397
7791.032839	504	502	397
7791.052839	504	503	397
7791.072839	505	502	397
7791.092839	504	502	397
7791.112839	503	502	397
7791.132839	504	502	397
7791.148203	503	502	397
7791.168203	503	503	397
7791.188203	503	502	396
7791.208203	504	502	397
7791.228203	503	502	397
7791.248203	504	502	396
7791.268203	504	502	397
7791.288203	504	502	396
7791.308203	504	502	397
7791.328203	504	502	396
7791.343550	504	502	396
7791.363550	504	503	396
7791.383550	503	502	397
7791.403550	504	502	397
7791.423550	505	502	396
7791.443550	503	502	396
7791.463550	503	502	396
7791.483550	504	503	397
7791.503550	503	502	396
7791.523550	504	501	396
7791.538924	504	502	396
7791.558924	504	502	397
7791.578924	503	503	397
7791.598924	504	502	397
7791.618924	504	501	396
7791.638924	504	502	397
7791.658924	504	502	397
7791.678924	503	502	396
7791.698924	504	502	397
7791.718924	503	501	396
7791.734280	504	502	397
7791.754280	504	502	397
7791.774280	504	502	396
7791.794280	504	502	397
7791.814280	504	502	397
7791.834280	504	503	396
7791.854280	504	501	397
7791.874280	503	503	397
7791.894280	504	502	397
7791.914280	504	502	397
7791.929644	503	502	397
7791.949644	503	503	397
7791.969644	503	502	397
7791.989644	503	502	396
7792.009644	503	502	397
7792.029644	504	502	397
7792.049644	503	502	396
7792.069644	504	502	397
7792.089644	504	503	397
7792.109644	504	502	397
7792.124991	503	502	397
7792.144991	503	502	396
7792.164991	504	502	397
7792.184991	504	502	396
7792.204991	503	502	396
7792.224991	503	503	398
7792.244991	503	502	397
7792.264991	504	502	396
7792.284991	504	503	397
7792.304991	503	503	396
7792.320365	504	502	397
7792.340365	504	502	397
7792.360365	504	501	397
7792.380365	504	502	397
7792.400365	504	502	397
7792.420365	503	502	397
7792.440365	504	502	396
7792.460365	503	502	397
7792.480365	505	502	397
7792.500365	504	501	397
7792.515720	503	502	396
7792.535720	503	502	396
7792.555720	503	502	396
7792.575720	504	503	396
7792.595720	503	503	396
7792.615720	505	502	397
7792.635720	504	502	396
7792.655720	503	502	396
7792.675720	503	503	397
7792.695720	504	502	397
7792.711085	504	503	397
7792.731085	503	502	396
7792.751085	504	502	397
7792.771085	503	502	397
7792.791085	504	502	397
7792.811085	504	502	397
7792.831085	504	502	397
7792.851085	504	502	397
7792.871085	503	502	396
7792.891085	504	502	397
7792.906432	504	502	397
7792.926432	503	502	397
7792.946432	503	501	397
7792.966432	503	502	396
7792.986432	503	503	397
7793.006432	504	502	397
7793.026432	503	502	397
7793.046432	504	502	397
7793.066432	504	502	397
7793.086432	504	502	397
7793.101806	504	503	397
7793.121806	503	503	397
7793.141806	503	502	397
7793.161806	503	501	397
7793.181806	504	502	396
7793.201806	504	502	397
7793.221806	504	503	397
7793.241806	504	502	397
7793.261806	504	503	397
7793.281806	504	502	396
7793.297161	504	503	397
7793.317161	503	502	397
7793.337161	503	502	396
7793.357161	503	502	396
7793.377161	503	503	397
7793.397161	503	502	397
7793.417161	504	502	396
7793.437161	503	502	396
7793.457161	504	502	397
7793.477161	503	502	397
7793.492526	504	501	397
7793.512526	503	502	397
7793.532526	503	502	396
7793.552526	504	502	397
7793.572526	504	502	396
7793.592526	504	502	397
7793.612526	504	502	396
7793.632526	504	501	396
7793.652526	503	502	396
7793.672526	504	502	397
7793.687873	504	502	397
7793.707873	504	503	396
7793.727873	503	502	397
7793.747873	504	501	397
7793.767873	503	502	397
7793.787873	504	502	396
7793.807873	504	501	396
7793.827873	504	502	397
7793.847873	504	502	397
7793.867873	502	502	397
7793.883247	503	502	397
7793.903247	504	502	397
7793.923247	504	502	396
7793.943247	503	502	397
7793.963247	504	502	397
7793.983247	504	502	397
7794.003247	504	502	396
7794.023247	503	503	397
7794.043247	504	502	397
7794.063247	504	502	397
7794.078602	503	503	397
7794.098602	502	502	397
7794.118602	504	503	397
7794.138602	503	502	396
7794.158602	504	502	397
7794.178602	504	502	397
7794.198602	503	502	397
7794.218602	503	502	398
7794.238602	504	502	396
7794.258602	504	502	396
7794.273967	503	502	397
7794.293967	503	502	397
7794.313967	503	502	396
7794.333967	503	502	397
7794.353967	504	502	396
7794.373967	504	502	396
7794.393967	504	502	397
7794.413967	504	502	397
7794.433967	504	503	397
7794.453967	504	503	397
7794.469323	504	502	396
7794.489323	503	502	397
7794.509323	504	502	397
7794.529323	503	502	397
7794.549323	504	501	396
7794.569323	504	503	396
7794.589323	503	502	397
7794.609323	504	502	396
7794.629323	503	502	396
7794.649323	502	502	397
7794.664688	504	502	397
7794.684688	505	502	396
7794.704688	504	502	397
7794.724688	504	501	397
7794.744688	504	502	396
7794.764688	504	502	397
7794.784688	503	503	397
7794.804688	503	502	396
7794.824688	503	501	397
7794.844687	504	502	396
7794.860052	503	502	397
7794.880052	504	502	398
7794.900052	504	502	397
7794.920052	504	502	396
7794.940052	503	502	397
7794.960052	504	503	397
7794.980052	504	502	397
7795.000052	504	501	397
7795.020052	504	502	397
7795.040052	503	502	396
7795.055408	503	502	397
7795.075408	504	503	396
7795.095408	503	502	398
7795.115408	503	502	397
7795.135408	503	502	397
7795.155408	504	502	397
7795.175408	504	502	396
7795.195408	503	502	397
7795.215408	504	502	396
7795.235408	504	502	397
7795.250764	504	502	397
7795.270764	503	502	397
7795.290764	504	502	397
7795.310764	504	502	396
7795.330764	502	502	397
7795.350764	504	501	397
7795.370764	504	502	396
7795.390764	504	502	397
7795.410764	503	503	396
7795.430764	504	502	396
7795.446128	503	502	397
7795.466128	504	501	396
7795.486128	504	503	397
7795.506128	504	502	397
7795.526128	504	502	397
7795.546128	504	502	397
7795.566128	503	502	396
7795.586128	504	502	397
7795.606128	503	502	396
7795.626128	503	502	397
7795.641493	504	502	396
7795.661493	503	503	396
7795.681493	504	502	397
7795.701493	504	502	397
7795.721493	504	502	396
7795.741493	504	502	397
7795.761493	503	502	397
7795.781493	503	503	397
7795.801493	504	502	396
7795.821493	504	502	396
7795.836849	504	502	397
7795.856849	504	502	396
7795.876849	504	503	397
7795.896849	504	503	397
7795.916849	504	502	397
7795.936849	504	502	397
7795.956849	504	502	397
7795.976849	504	502	397
7795.996849	503	502	396
7796.016849	503	502	396
7796.032205	504	502	397
7796.052205	503	502	396
7796.072205	504	502	396
7796.092205	503	502	397
7796.112205	504	502	397
7796.132205	504	502	396
7796.152205	503	502	397
7796.172205	503	502	397
7796.192205	504	501	397
7796.212205	504	503	397
7796.227569	504	502	396
7796.247569	504	502	397
7796.267569	503	502	396
7796.287569	503	502	397
7796.307569	504	502	397
7796.327569	504	502	396
7796.347569	505	502	396
7796.367569	503	502	396
7796.387569	503	502	396
7796.407569	504	502	396
7796.422943	504	503	396
7796.442943	504	503	397
7796.462943	504	502	397
7796.482943	504	503	396
7796.502943	503	501	397
7796.522943	504	502	396
7796.542943	504	502	397
7796.562943	504	502	397
7796.582943	504	502	397
7796.602943	504	502	397
7796.618290	503	502	397
7796.638290	504	502	396
7796.658290	503	502	397
7796.678290	503	502	397
7796.698290	504	503	397
7796.718290	503	502	397
7796.738290	504	501	396
7796.758290	504	502	397
7796.778290	504	503	397
7796.798290	503	502	396
7796.813646	504	502	397
7796.833646	504	502	397
7796.853646	504	501	397
7796.873646	503	502	397
7796.893646	503	501	396
7796.913646	503	503	397
7796.933646	503	502	396
7796.953646	504	502	396
7796.973646	503	502	397
7796.993646	504	502	397
7797.009010	503	503	396
7797.029010	504	502	396
7797.049010	503	502	397
7797.069010	504	503	397
7797.089010	503	502	397
7797.109010	505	502	396
7797.129010	504	502	397
7797.149010	504	501	396
7797.169010	504	503	397
7797.189010	504	503	397
7797.204375	504	502	396
7797.224375	504	502	396
7797.244375	503	502	397
7797.264375	504	502	397
7797.284375	503	501	397
7797.304375	504	503	397
7797.324375	503	501	397
7797.344375	503	502	397
7797.364375	504	502	397
7797.384375	504	503	396
7797.399731	504	502	397
7797.419731	504	502	397
7797.439731	504	503	397
7797.459731	503	502	396
7797.479731	504	502	396
7797.499731	503	502	396
7797.519731	504	502	397
7797.539731	503	502	397
7797.559731	504	502	396
7797.579731	503	503	397
7797.595087	503	502	397
7797.615087	504	502	396
7797.635087	505	502	397
7797.655087	503	502	396
7797.675087	504	503	397
7797.695087	504	502	397
7797.715087	504	502	396
7797.735087	503	502	397
7797.755087	504	503	396
7797.775087	504	502	397
7797.790451	504	503	397
7797.810451	504	503	397
7797.830451	503	502	397
7797.850451	503	502	396
7797.870451	504	502	397
7797.890451	504	502	396
7797.910451	504	502	396
7797.930451	503	502	396
7797.950451	503	502	397
7797.970451	504	503	397
7797.985816	503	502	397
7798.005816	504	503	396
7798.025816	504	503	397
7798.045816	503	502	397
7798.065816	504	502	396
7798.085816	503	502	397
7798.105816	503	502	397
7798.125816	504	502	396
7798.145816	503	502	397
7798.165816	503	502	397
7798.181172	504	502	397
7798.201172	503	502	396
7798.221172	504	502	396
7798.241172	504	502	397
7798.261172	504	503	397
7798.281172	503	502	397
7798.301172	503	502	398
7798.321172	504	502	396
7798.341172	504	502	397
7798.361172	504	503	397
7798.376528	504	502	396
7798.396528	503	502	396
7798.416528	503	502	396
7798.436528	505	502	397
7798.456528	504	502	396
7798.476528	503	502	397
7798.496528	503	502	397
7798.516528	503	502	396
7798.536528	503	502	397
7798.556528	504	502	397
7798.571892	504	502	396
7798.591892	503	502	398
7798.611892	504	502	397
7798.631892	503	501	397
7798.651892	504	502	397
7798.671892	503	502	396
7798.691892	503	502	397
7798.711892	503	502	396
7798.731892	504	502	396
7798.751892	502	502	397
7798.767257	503	503	397
7798.787257	504	502	396
7798.807257	504	502	397
7798.827257	503	503	397
7798.847257	504	502	396
7798.867257	504	501	396
7798.887257	503	501	397
7798.907257	504	502	396
7798.927257	503	502	398
7798.947257	503	501	397
7798.962622	503	502	396
7798.982622	504	502	397
7799.002622	503	502	397
7799.022622	503	502	396
7799.042622	503	502	397
7799.062622	504	502	397
7799.082622	504	502	397
7799.102622	503	502	396
7799.122622	504	502	396
7799.142622	503	503	397
7799.157969	505	503	396
7799.177969	504	501	397
7799.197969	504	502	397
7799.217969	504	502	396
7799.237969	503	502	397
7799.257969	503	502	397
7799.277969	504	502	397
7799.297969	504	502	397
7799.317969	503	502	397
7799.337969	503	502	397
7799.353342	504	502	397
7799.373342	504	502	397
7799.393342	504	502	397
7799.413342	504	502	397
7799.433342	504	502	397
7799.453342	504	502	396
7799.473342	504	502	397
7799.493342	504	503	397
7799.513342	503	502	397
7799.533342	503	502	396
7799.548698	504	502	396
7799.568698	503	503	397
7799.588698	503	502	396
7799.608698	504	502	396
7799.628698	504	503	396
7799.648698	503	502	396
7799.668698	503	503	397
7799.688698	503	503	396
7799.708698	503	502	397
7799.728698	503	502	396
7799.744062	503	501	396
7799.764062	504	501	397
7799.784062	503	502	397
7799.804062	503	501	397
7799.824062	503	502	397
7799.844062	504	502	397
7799.864062	503	502	397
7799.884062	504	502	397
7799.904062	504	502	397
7799.924062	504	502	397
7799.939410	504	502	396
7799.959410	504	503	397
7799.979410	504	502	396
7799.999410	504	502	397
7800.019410	504	502	396
7800.039410	504	502	397
7800.059410	503	502	397
7800.079410	503	502	397
7800.099410	504	502	397
7800.119410	504	502	397
7800.137995	504	502	397
7800.157995	503	502	396
7800.177995	504	502	397
7800.197995	504	502	397
7800.217995	504	502	398
7800.237995	504	502	396
7800.257995	503	502	397
7800.277995	503	502	397
7800.297995	504	503	397
7800.317995	504	502	397
7800.330139	504	503	398
7800.350139	504	502	397
7800.370139	503	503	397
7800.390139	503	502	397
7800.410139	504	502	396
7800.430139	503	502	397
7800.450139	504	502	397
7800.470139	503	502	397
7800.490139	503	502	397
7800.510139	503	502	396
7800.525503	503	502	396
7800.545503	503	501	397
7800.565503	504	502	397
7800.585503	503	502	396
7800.605503	503	502	396
7800.625503	504	502	397
7800.645503	504	503	397
7800.665503	503	503	396
7800.685503	503	502	396
7800.705503	503	502	398
7800.720851	503	502	397
7800.740851	504	501	397
7800.760851	504	502	398
7800.780851	503	503	396
7800.800851	504	503	396
7800.820851	504	501	397
7800.840851	504	502	397
7800.860851	503	503	397
7800.880851	504	503	397
7800.900851	503	503	397
7800.916224	503	502	397
7800.936224	504	502	397
7800.956224	504	502	396
7800.976224	504	502	397
7800.996224	504	502	396
7801.016224	504	502	396
7801.036224	503	502	396
7801.056224	504	502	397
7801.076224	504	502	396
7801.096224	503	502	396
7801.111580	503	502	397
7801.131580	504	502	397
7801.151580	503	502	396
7801.171580	504	502	397
7801.191580	504	503	397
7801.211580	503	502	396
7801.231580	503	502	397
7801.251580	504	502	397
7801.271580	503	501	397
7801.291580	503	502	397
7801.306944	504	502	396
7801.326944	503	502	397
7801.346944	504	503	397
7801.366944	504	503	396
7801.386944	504	502	397
7801.406944	502	502	396
7801.426944	504	502	396
7801.446944	503	502	397
7801.466944	504	502	397
7801.486944	503	502	397
7801.502292	504	503	397
7801.522292	504	502	397
7801.542292	503	502	396
7801.562292	503	502	397
7801.582292	503	502	396
7801.602292	503	502	397
7801.622292	504	502	397
7801.642292	504	502	397
7801.662292	503	503	397
7801.682292	504	503	397
7801.697665	504	502	397
7801.717665	503	502	397
7801.737665	505	502	396
7801.757665	504	503	396
7801.777665	503	502	396
7801.797665	503	502	396
7801.817665	504	502	396
7801.837665	504	502	397
7801.857665	504	502	397
7801.877665	504	502	397
7801.893021	504	502	397
7801.913021	504	503	396
7801.933021	504	502	397
7801.953021	503	502	397
7801.973021	504	502	396
7801.993021	503	502	396
7802.013021	503	502	397
7802.033021	504	502	397
7802.053021	504	502	397
7802.073021	504	503	397
7802.088385	504	502	397
7802.108385	503	502	397
7802.128385	504	503	396
7802.148385	503	502	396
7802.168385	503	502	396
7802.188385	504	502	396
7802.208385	504	503	396
7802.228385	503	502	397
7802.248385	504	502	398
7802.268385	504	502	397
7802.283733	503	502	396
7802.303733	504	503	397
7802.323733	503	502	397
7802.343733	504	503	397
7802.363733	503	502	397
7802.383733	504	502	397
7802.403733	504	502	397
7802.423733	503	502	397
7802.443733	504	502	396
7802.463733	503	502	397
7802.479106	503	503	397
7802.499106	504	503	396
7802.519106	503	502	396
7802.539106	504	502	397
7802.559106	504	502	397
7802.579106	503	503	396
7802.599106	503	502	397
7802.619106	504	502	397
7802.639106	504	502	396
7802.659106	504	502	396
7802.674462	503	502	397
7802.694462	504	502	397
7802.714462	504	502	396
7802.734462	504	501	397
7802.754462	503	502	397
7802.774462	503	502	396
7802.794462	503	502	397
7802.814462	504	502	396
7802.834462	503	503	396
7802.854462	504	501	397
7802.869826	504	501	397
7802.889826	504	502	397
7802.909826	503	502	397
7802.929826	503	503	396
7802.949826	503	502	397
7802.969826	504	502	396
7802.989826	503	502	397
7803.009826	504	502	397
7803.029826	503	502	396
7803.049826	503	502	396
7803.065182	504	502	397
7803.085182	504	502	396
7803.105182	504	502	397
7803.125182	504	502	396
7803.145182	504	502	397
7803.165182	503	502	397
7803.185182	504	501	396
7803.205182	503	502	397
7803.225182	503	503	397
7803.245182	504	502	397
7803.260547	504	502	397
7803.280547	503	502	396
7803.300547	503	503	397
7803.320547	503	502	397
7803.340547	504	502	397
7803.360547	505	502	396
7803.380547	503	501	397
7803.400547	504	502	396
7803.420547	503	503	396
7803.440547	503	502	397
7803.455911	504	501	397
7803.475911	503	502	397
7803.495911	503	503	396
7803.515911	504	502	397
7803.535911	504	502	396
7803.555911	504	502	397
7803.575911	504	502	397
7803.595911	503	502	396
7803.615911	504	502	397
7803.635911	504	501	397
7803.651267	504	501	397
7803.671267	503	502	396
7803.691267	503	503	396
7803.711267	503	503	397
7803.731267	504	502	397
7803.751267	503	502	397
7803.771267	504	502	397
7803.791267	503	502	397
7803.811267	504	502	397
7803.831267	503	501	397
