#nodeTime	lat	lon	alt	UTC	speed	satellites	pdop	satelliteStats

7739.968394	0.000000	0.000000	5.700000	?	1.15 mph	0	0.000000	0	0	0	0	0	0	0	0	0	0	0	0	0	0	0	0	0	0	0	0	0	0	0	0	
7740.163767	0.000000	0.000000	5.700000	?	1.15 mph	0	0.000000	0	0	0	0	0	0	0	0	0	0	0	0	0	0	0	0	0	0	0	0	0	0	0	0	
7740.359123	0.000000	0.000000	5.700000	?	1.15 mph	0	0.000000	0	0	0	0	0	0	0	0	0	0	0	0	0	0	0	0	0	0	0	0	0	0	0	0	
7740.554488	0.000000	0.000000	5.700000	?	1.15 mph	0	0.000000	0	0	0	0	0	0	0	0	0	0	0	0	0	0	0	0	0	0	0	0	0	0	0	0	
7740.749835	0.000000	0.000000	5.700000	?	1.15 mph	0	0.000000	0	0	0	0	0	0	0	0	0	0	0	0	0	0	0	0	0	0	0	0	0	0	0	0	
7740.945208	0.000000	0.000000	5.700000	?	1.15 mph	0	0.000000	0	0	0	0	0	0	0	0	0	0	0	0	0	0	0	0	0	0	0	0	0	0	0	0	
7741.140564	0.000000	0.000000	5.700000	?	1.15 mph	0	0.000000	0	0	0	0	0	0	0	0	0	0	0	0	0	0	0	0	0	0	0	0	0	0	0	0	
7741.335929	0.000000	0.000000	5.700000	?	1.15 mph	0	0.000000	0	0	0	0	0	0	0	0	0	0	0	0	0	0	0	0	0	0	0	0	0	0	0	0	
7741.531276	0.000000	0.000000	5.700000	?	1.15 mph	0	0.000000	0	0	0	0	0	0	0	0	0	0	0	0	0	0	0	0	0	0	0	0	0	0	0	0	
7741.726649	0.000000	0.000000	5.700000	?	1.15 mph	0	0.000000	0	0	0	0	0	0	0	0	0	0	0	0	0	0	0	0	0	0	0	0	0	0	0	0	
7741.922005	0.000000	0.000000	5.700000	?	1.15 mph	0	0.000000	0	0	0	0	0	0	0	0	0	0	0	0	0	0	0	0	0	0	0	0	0	0	0	0	
7742.117370	0.000000	0.000000	5.700000	?	1.15 mph	0	0.000000	0	0	0	0	0	0	0	0	0	0	0	0	0	0	0	0	0	0	0	0	0	0	0	0	
7742.312717	0.000000	0.000000	5.700000	?	1.15 mph	0	0.000000	0	0	0	0	0	0	0	0	0	0	0	0	0	0	0	0	0	0	0	0	0	0	0	0	
7742.508090	0.000000	0.000000	5.700000	?	1.15 mph	0	0.000000	0	0	0	0	0	0	0	0	0	0	0	0	0	0	0	0	0	0	0	0	0	0	0	0	
7742.703446	0.000000	0.000000	5.700000	?	1.15 mph	0	0.000000	0	0	0	0	0	0	0	0	0	0	0	0	0	0	0	0	0	0	0	0	0	0	0	0	
7742.898811	0.000000	0.000000	5.700000	?	1.15 mph	0	0.000000	0	0	0	0	0	0	0	0	0	0	0	0	0	0	0	0	0	0	0	0	0	0	0	0	
7743.094158	0.000000	0.000000	5.700000	?	1.15 mph	0	0.000000	0	0	0	0	0	0	0	0	0	0	0	0	0	0	0	0	0	0	0	0	0	0	0	0	
7743.289531	0.000000	0.000000	5.700000	?	1.15 mph	0	0.000000	0	0	0	0	0	0	0	0	0	0	0	0	0	0	0	0	0	0	0	0	0	0	0	0	
7743.484887	0.000000	0.000000	5.700000	?	1.15 mph	0	0.000000	0	0	0	0	0	0	0	0	0	0	0	0	0	0	0	0	0	0	0	0	0	0	0	0	
7743.680252	0.000000	0.000000	5.700000	?	1.15 mph	0	0.000000	0	0	0	0	0	0	0	0	0	0	0	0	0	0	0	0	0	0	0	0	0	0	0	0	
7743.875599	0.000000	0.000000	5.700000	?	1.15 mph	0	0.000000	0	0	0	0	0	0	0	0	0	0	0	0	0	0	0	0	0	0	0	0	0	0	0	0	
7744.070972	0.000000	0.000000	5.700000	?	1.15 mph	0	0.000000	0	0	0	0	0	0	0	0	0	0	0	0	0	0	0	0	0	0	0	0	0	0	0	0	
7744.266337	0.000000	0.000000	5.700000	?	1.15 mph	0	0.000000	0	0	0	0	0	0	0	0	0	0	0	0	0	0	0	0	0	0	0	0	0	0	0	0	
7744.461693	0.000000	0.000000	5.700000	?	1.15 mph	0	0.000000	0	0	0	0	0	0	0	0	0	0	0	0	0	0	0	0	0	0	0	0	0	0	0	0	
7744.657049	0.000000	0.000000	5.700000	?	1.15 mph	0	0.000000	0	0	0	0	0	0	0	0	0	0	0	0	0	0	0	0	0	0	0	0	0	0	0	0	
7744.852413	0.000000	0.000000	5.700000	?	1.15 mph	0	0.000000	0	0	0	0	0	0	0	0	0	0	0	0	0	0	0	0	0	0	0	0	0	0	0	0	
7745.047778	0.000000	0.000000	5.700000	?	1.15 mph	0	0.000000	0	0	0	0	0	0	0	0	0	0	0	0	0	0	0	0	0	0	0	0	0	0	0	0	
7745.243134	0.000000	0.000000	5.700000	?	1.15 mph	0	0.000000	0	0	0	0	0	0	0	0	0	0	0	0	0	0	0	0	0	0	0	0	0	0	0	0	
7745.438490	0.000000	0.000000	5.700000	?	1.15 mph	0	0.000000	0	0	0	0	0	0	0	0	0	0	0	0	0	0	0	0	0	0	0	0	0	0	0	0	
7745.633854	0.000000	0.000000	5.700000	?	1.15 mph	0	0.000000	0	0	0	0	0	0	0	0	0	0	0	0	0	0	0	0	0	0	0	0	0	0	0	0	
7745.829219	0.000000	0.000000	5.700000	?	1.15 mph	0	0.000000	0	0	0	0	0	0	0	0	0	0	0	0	0	0	0	0	0	0	0	0	0	0	0	0	
7746.024575	0.000000	0.000000	5.700000	?	1.15 mph	0	0.000000	0	0	0	0	0	0	0	0	0	0	0	0	0	0	0	0	0	0	0	0	0	0	0	0	
7746.219931	0.000000	0.000000	5.700000	?	1.15 mph	0	0.000000	0	0	0	0	0	0	0	0	0	0	0	0	0	0	0	0	0	0	0	0	0	0	0	0	
7746.415295	0.000000	0.000000	5.700000	?	1.15 mph	0	0.000000	0	0	0	0	0	0	0	0	0	0	0	0	0	0	0	0	0	0	0	0	0	0	0	0	
7746.610660	0.000000	0.000000	5.700000	?	1.15 mph	0	0.000000	0	0	0	0	0	0	0	0	0	0	0	0	0	0	0	0	0	0	0	0	0	0	0	0	
7746.806016	0.000000	0.000000	5.700000	?	1.15 mph	0	0.000000	0	0	0	0	0	0	0	0	0	0	0	0	0	0	0	0	0	0	0	0	0	0	0	0	
7747.001372	0.000000	0.000000	5.700000	?	1.15 mph	0	0.000000	0	0	0	0	0	0	0	0	0	0	0	0	0	0	0	0	0	0	0	0	0	0	0	0	
7747.196736	0.000000	0.000000	5.700000	?	1.15 mph	0	0.000000	0	0	0	0	0	0	0	0	0	0	0	0	0	0	0	0	0	0	0	0	0	0	0	0	
7747.392101	0.000000	0.000000	5.700000	?	1.15 mph	0	0.000000	0	0	0	0	0	0	0	0	0	0	0	0	0	0	0	0	0	0	0	0	0	0	0	0	
7747.587457	0.000000	0.000000	5.700000	?	1.15 mph	0	0.000000	0	0	0	0	0	0	0	0	0	0	0	0	0	0	0	0	0	0	0	0	0	0	0	0	
7747.782812	0.000000	0.000000	5.700000	?	1.15 mph	0	0.000000	0	0	0	0	0	0	0	0	0	0	0	0	0	0	0	0	0	0	0	0	0	0	0	0	
7747.978177	0.000000	0.000000	5.700000	?	1.15 mph	0	0.000000	0	0	0	0	0	0	0	0	0	0	0	0	0	0	0	0	0	0	0	0	0	0	0	0	
7748.173542	0.000000	0.000000	5.700000	?	1.15 mph	0	0.000000	0	0	0	0	0	0	0	0	0	0	0	0	0	0	0	0	0	0	0	0	0	0	0	0	
7748.368898	0.000000	0.000000	5.700000	?	1.15 mph	0	0.000000	0	0	0	0	0	0	0	0	0	0	0	0	0	0	0	0	0	0	0	0	0	0	0	0	
7748.564253	0.000000	0.000000	5.700000	?	1.15 mph	0	0.000000	0	0	0	0	0	0	0	0	0	0	0	0	0	0	0	0	0	0	0	0	0	0	0	0	
7748.759627	0.000000	0.000000	5.700000	?	1.15 mph	0	0.000000	0	0	0	0	0	0	0	0	0	0	0	0	0	0	0	0	0	0	0	0	0	0	0	0	
7748.954983	0.000000	0.000000	5.700000	?	1.15 mph	0	0.000000	0	0	0	0	0	0	0	0	0	0	0	0	0	0	0	0	0	0	0	0	0	0	0	0	
7749.150347	0.000000	0.000000	5.700000	?	1.15 mph	0	0.000000	0	0	0	0	0	0	0	0	0	0	0	0	0	0	0	0	0	0	0	0	0	0	0	0	
7749.345703	0.000000	0.000000	5.700000	?	1.15 mph	0	0.000000	0	0	0	0	0	0	0	0	0	0	0	0	0	0	0	0	0	0	0	0	0	0	0	0	
7749.541068	0.000000	0.000000	5.700000	?	1.15 mph	0	0.000000	0	0	0	0	0	0	0	0	0	0	0	0	0	0	0	0	0	0	0	0	0	0	0	0	
7749.736424	0.000000	0.000000	5.700000	?	1.15 mph	0	0.000000	0	0	0	0	0	0	0	0	0	0	0	0	0	0	0	0	0	0	0	0	0	0	0	0	
7749.931788	0.000000	0.000000	5.700000	?	1.15 mph	0	0.000000	0	0	0	0	0	0	0	0	0	0	0	0	0	0	0	0	0	0	0	0	0	0	0	0	
7750.127135	0.000000	0.000000	5.700000	?	1.15 mph	0	0.000000	0	0	0	0	0	0	0	0	0	0	0	0	0	0	0	0	0	0	0	0	0	0	0	0	
7750.322509	0.000000	0.000000	5.700000	?	1.15 mph	0	0.000000	0	0	0	0	0	0	0	0	0	0	0	0	0	0	0	0	0	0	0	0	0	0	0	0	
7750.517865	0.000000	0.000000	5.700000	?	1.15 mph	0	0.000000	0	0	0	0	0	0	0	0	0	0	0	0	0	0	0	0	0	0	0	0	0	0	0	0	
7750.713229	0.000000	0.000000	5.700000	?	1.15 mph	0	0.000000	0	0	0	0	0	0	0	0	0	0	0	0	0	0	0	0	0	0	0	0	0	0	0	0	
7750.908576	0.000000	0.000000	5.700000	?	1.15 mph	0	0.000000	0	0	0	0	0	0	0	0	0	0	0	0	0	0	0	0	0	0	0	0	0	0	0	0	
7751.103950	0.000000	0.000000	5.700000	?	1.15 mph	0	0.000000	0	0	0	0	0	0	0	0	0	0	0	0	0	0	0	0	0	0	0	0	0	0	0	0	
7751.299306	0.000000	0.000000	5.700000	?	1.15 mph	0	0.000000	0	0	0	0	0	0	0	0	0	0	0	0	0	0	0	0	0	0	0	0	0	0	0	0	
7751.494670	0.000000	0.000000	5.700000	?	1.15 mph	0	0.000000	0	0	0	0	0	0	0	0	0	0	0	0	0	0	0	0	0	0	0	0	0	0	0	0	
7751.690017	0.000000	0.000000	5.700000	?	1.15 mph	0	0.000000	0	0	0	0	0	0	0	0	0	0	0	0	0	0	0	0	0	0	0	0	0	0	0	0	
7751.885391	0.000000	0.000000	5.700000	?	1.15 mph	0	0.000000	0	0	0	0	0	0	0	0	0	0	0	0	0	0	0	0	0	0	0	0	0	0	0	0	
7752.080747	0.000000	0.000000	5.700000	?	1.15 mph	0	0.000000	0	0	0	0	0	0	0	0	0	0	0	0	0	0	0	0	0	0	0	0	0	0	0	0	
7752.276111	0.000000	0.000000	5.700000	?	1.15 mph	0	0.000000	0	0	0	0	0	0	0	0	0	0	0	0	0	0	0	0	0	0	0	0	0	0	0	0	
7752.471458	0.000000	0.000000	5.700000	?	1.15 mph	0	0.000000	0	0	0	0	0	0	0	0	0	0	0	0	0	0	0	0	0	0	0	0	0	0	0	0	
7752.666832	0.000000	0.000000	5.700000	?	1.15 mph	0	0.000000	0	0	0	0	0	0	0	0	0	0	0	0	0	0	0	0	0	0	0	0	0	0	0	0	
7752.862196	0.000000	0.000000	5.700000	?	1.15 mph	0	0.000000	0	0	0	0	0	0	0	0	0	0	0	0	0	0	0	0	0	0	0	0	0	0	0	0	
7753.057552	0.000000	0.000000	5.700000	?	1.15 mph	0	0.000000	0	0	0	0	0	0	0	0	0	0	0	0	0	0	0	0	0	0	0	0	0	0	0	0	
7753.252908	0.000000	0.000000	5.700000	?	1.15 mph	0	0.000000	0	0	0	0	0	0	0	0	0	0	0	0	0	0	0	0	0	0	0	0	0	0	0	0	
7753.448273	0.000000	0.000000	5.700000	?	1.15 mph	0	0.000000	0	0	0	0	0	0	0	0	0	0	0	0	0	0	0	0	0	0	0	0	0	0	0	0	
7753.643637	0.000000	0.000000	5.700000	?	1.15 mph	0	0.000000	0	0	0	0	0	0	0	0	0	0	0	0	0	0	0	0	0	0	0	0	0	0	0	0	
7753.838993	0.000000	0.000000	5.700000	?	1.15 mph	0	0.000000	0	0	0	0	0	0	0	0	0	0	0	0	0	0	0	0	0	0	0	0	0	0	0	0	
7754.034349	0.000000	0.000000	5.700000	?	1.15 mph	0	0.000000	0	0	0	0	0	0	0	0	0	0	0	0	0	0	0	0	0	0	0	0	0	0	0	0	
7754.229714	0.000000	0.000000	5.700000	?	1.15 mph	0	0.000000	0	0	0	0	0	0	0	0	0	0	0	0	0	0	0	0	0	0	0	0	0	0	0	0	
7754.425078	0.000000	0.000000	5.700000	?	1.15 mph	0	0.000000	0	0	0	0	0	0	0	0	0	0	0	0	0	0	0	0	0	0	0	0	0	0	0	0	
7754.620434	0.000000	0.000000	5.700000	?	1.15 mph	0	0.000000	0	0	0	0	0	0	0	0	0	0	0	0	0	0	0	0	0	0	0	0	0	0	0	0	
7754.821667	0.000000	0.000000	5.700000	?	1.15 mph	0	0.000000	0	0	0	0	0	0	0	0	0	0	0	0	0	0	0	0	0	0	0	0	0	0	0	0	
7755.011155	0.000000	0.000000	5.700000	?	1.15 mph	0	0.000000	0	0	0	0	0	0	0	0	0	0	0	0	0	0	0	0	0	0	0	0	0	0	0	0	
7755.206519	0.000000	0.000000	5.700000	?	1.15 mph	0	0.000000	0	0	0	0	0	0	0	0	0	0	0	0	0	0	0	0	0	0	0	0	0	0	0	0	
7755.401875	0.000000	0.000000	5.700000	?	1.15 mph	0	0.000000	0	0	0	0	0	0	0	0	0	0	0	0	0	0	0	0	0	0	0	0	0	0	0	0	
7755.597231	0.000000	0.000000	5.700000	?	1.15 mph	0	0.000000	0	0	0	0	0	0	0	0	0	0	0	0	0	0	0	0	0	0	0	0	0	0	0	0	
7755.792595	0.000000	0.000000	5.700000	?	1.15 mph	0	0.000000	0	0	0	0	0	0	0	0	0	0	0	0	0	0	0	0	0	0	0	0	0	0	0	0	
7755.987960	0.000000	0.000000	5.700000	?	1.15 mph	0	0.000000	0	0	0	0	0	0	0	0	0	0	0	0	0	0	0	0	0	0	0	0	0	0	0	0	
7756.183316	0.000000	0.000000	5.700000	?	1.15 mph	0	0.000000	0	0	0	0	0	0	0	0	0	0	0	0	0	0	0	0	0	0	0	0	0	0	0	0	
7756.378672	0.000000	0.000000	5.700000	?	1.15 mph	0	0.000000	0	0	0	0	0	0	0	0	0	0	0	0	0	0	0	0	0	0	0	0	0	0	0	0	
7756.574036	0.000000	0.000000	5.700000	?	1.15 mph	0	0.000000	0	0	0	0	0	0	0	0	0	0	0	0	0	0	0	0	0	0	0	0	0	0	0	0	
7756.769401	0.000000	0.000000	5.700000	?	1.15 mph	0	0.000000	0	0	0	0	0	0	0	0	0	0	0	0	0	0	0	0	0	0	0	0	0	0	0	0	
7756.964766	0.000000	0.000000	5.700000	?	1.15 mph	0	0.000000	0	0	0	0	0	0	0	0	0	0	0	0	0	0	0	0	0	0	0	0	0	0	0	0	
7757.160113	0.000000	0.000000	5.700000	?	1.15 mph	0	0.000000	0	0	0	0	0	0	0	0	0	0	0	0	0	0	0	0	0	0	0	0	0	0	0	0	
7757.355486	0.000000	0.000000	5.700000	?	1.15 mph	0	0.000000	0	0	0	0	0	0	0	0	0	0	0	0	0	0	0	0	0	0	0	0	0	0	0	0	
7757.550842	0.000000	0.000000	5.700000	?	1.15 mph	0	0.000000	0	0	0	0	0	0	0	0	0	0	0	0	0	0	0	0	0	0	0	0	0	0	0	0	
7757.746207	0.000000	0.000000	5.700000	?	1.15 mph	0	0.000000	0	0	0	0	0	0	0	0	0	0	0	0	0	0	0	0	0	0	0	0	0	0	0	0	
7757.941554	0.000000	0.000000	5.700000	?	1.15 mph	0	0.000000	0	0	0	0	0	0	0	0	0	0	0	0	0	0	0	0	0	0	0	0	0	0	0	0	
7758.136927	0.000000	0.000000	5.700000	?	1.15 mph	0	0.000000	0	0	0	0	0	0	0	0	0	0	0	0	0	0	0	0	0	0	0	0	0	0	0	0	
7758.332283	0.000000	0.000000	5.700000	?	1.15 mph	0	0.000000	0	0	0	0	0	0	0	0	0	0	0	0	0	0	0	0	0	0	0	0	0	0	0	0	
7758.527648	0.000000	0.000000	5.700000	?	1.15 mph	0	0.000000	0	0	0	0	0	0	0	0	0	0	0	0	0	0	0	0	0	0	0	0	0	0	0	0	
7758.722995	0.000000	0.000000	5.700000	?	1.15 mph	0	0.000000	0	0	0	0	0	0	0	0	0	0	0	0	0	0	0	0	0	0	0	0	0	0	0	0	
7758.918368	0.000000	0.000000	5.700000	?	1.15 mph	0	0.000000	0	0	0	0	0	0	0	0	0	0	0	0	0	0	0	0	0	0	0	0	0	0	0	0	
7759.113724	0.000000	0.000000	5.700000	?	1.15 mph	0	0.000000	0	0	0	0	0	0	0	0	0	0	0	0	0	0	0	0	0	0	0	0	0	0	0	0	
7759.309089	0.000000	0.000000	5.700000	?	1.15 mph	0	0.000000	0	0	0	0	0	0	0	0	0	0	0	0	0	0	0	0	0	0	0	0	0	0	0	0	
7759.504436	0.000000	0.000000	5.700000	?	1.15 mph	0	0.000000	0	0	0	0	0	0	0	0	0	0	0	0	0	0	0	0	0	0	0	0	0	0	0	0	
7759.699809	0.000000	0.000000	5.700000	?	1.15 mph	0	0.000000	0	0	0	0	0	0	0	0	0	0	0	0	0	0	0	0	0	0	0	0	0	0	0	0	
7759.895165	0.000000	0.000000	5.700000	?	1.15 mph	0	0.000000	0	0	0	0	0	0	0	0	0	0	0	0	0	0	0	0	0	0	0	0	0	0	0	0	
7760.090530	0.000000	0.000000	5.700000	?	1.15 mph	0	0.000000	0	0	0	0	0	0	0	0	0	0	0	0	0	0	0	0	0	0	0	0	0	0	0	0	
7760.285877	0.000000	0.000000	5.700000	?	1.15 mph	0	0.000000	0	0	0	0	0	0	0	0	0	0	0	0	0	0	0	0	0	0	0	0	0	0	0	0	
7760.481250	0.000000	0.000000	5.700000	?	1.15 mph	0	0.000000	0	0	0	0	0	0	0	0	0	0	0	0	0	0	0	0	0	0	0	0	0	0	0	0	
7760.676606	0.000000	0.000000	5.700000	?	1.15 mph	0	0.000000	0	0	0	0	0	0	0	0	0	0	0	0	0	0	0	0	0	0	0	0	0	0	0	0	
7760.871970	0.000000	0.000000	5.700000	?	1.15 mph	0	0.000000	0	0	0	0	0	0	0	0	0	0	0	0	0	0	0	0	0	0	0	0	0	0	0	0	
7761.067326	0.000000	0.000000	5.700000	?	1.15 mph	0	0.000000	0	0	0	0	0	0	0	0	0	0	0	0	0	0	0	0	0	0	0	0	0	0	0	0	
7761.262691	0.000000	0.000000	5.700000	?	1.15 mph	0	0.000000	0	0	0	0	0	0	0	0	0	0	0	0	0	0	0	0	0	0	0	0	0	0	0	0	
7761.458056	0.000000	0.000000	5.700000	?	1.15 mph	0	0.000000	0	0	0	0	0	0	0	0	0	0	0	0	0	0	0	0	0	0	0	0	0	0	0	0	
7761.653411	0.000000	0.000000	5.700000	?	1.15 mph	0	0.000000	0	0	0	0	0	0	0	0	0	0	0	0	0	0	0	0	0	0	0	0	0	0	0	0	
7761.848767	0.000000	0.000000	5.700000	?	1.15 mph	0	0.000000	0	0	0	0	0	0	0	0	0	0	0	0	0	0	0	0	0	0	0	0	0	0	0	0	
7762.044132	0.000000	0.000000	5.700000	?	1.15 mph	0	0.000000	0	0	0	0	0	0	0	0	0	0	0	0	0	0	0	0	0	0	0	0	0	0	0	0	
7762.239497	0.000000	0.000000	5.700000	?	1.15 mph	0	0.000000	0	0	0	0	0	0	0	0	0	0	0	0	0	0	0	0	0	0	0	0	0	0	0	0	
7762.434852	0.000000	0.000000	5.700000	?	1.15 mph	0	0.000000	0	0	0	0	0	0	0	0	0	0	0	0	0	0	0	0	0	0	0	0	0	0	0	0	
7762.630208	0.000000	0.000000	5.700000	?	1.15 mph	0	0.000000	0	0	0	0	0	0	0	0	0	0	0	0	0	0	0	0	0	0	0	0	0	0	0	0	
7762.825573	0.000000	0.000000	5.700000	?	1.15 mph	0	0.000000	0	0	0	0	0	0	0	0	0	0	0	0	0	0	0	0	0	0	0	0	0	0	0	0	
7763.020938	0.000000	0.000000	5.700000	?	1.15 mph	0	0.000000	0	0	0	0	0	0	0	0	0	0	0	0	0	0	0	0	0	0	0	0	0	0	0	0	
7763.216293	0.000000	0.000000	5.700000	?	1.15 mph	0	0.000000	0	0	0	0	0	0	0	0	0	0	0	0	0	0	0	0	0	0	0	0	0	0	0	0	
7763.411649	0.000000	0.000000	5.700000	?	1.15 mph	0	0.000000	0	0	0	0	0	0	0	0	0	0	0	0	0	0	0	0	0	0	0	0	0	0	0	0	
7763.607014	0.000000	0.000000	5.700000	?	1.15 mph	0	0.000000	0	0	0	0	0	0	0	0	0	0	0	0	0	0	0	0	0	0	0	0	0	0	0	0	
7763.802378	0.000000	0.000000	5.700000	?	1.15 mph	0	0.000000	0	0	0	0	0	0	0	0	0	0	0	0	0	0	0	0	0	0	0	0	0	0	0	0	
7763.997734	0.000000	0.000000	5.700000	?	1.15 mph	0	0.000000	0	0	0	0	0	0	0	0	0	0	0	0	0	0	0	0	0	0	0	0	0	0	0	0	
7764.193090	0.000000	0.000000	5.700000	?	1.15 mph	0	0.000000	0	0	0	0	0	0	0	0	0	0	0	0	0	0	0	0	0	0	0	0	0	0	0	0	
7764.388455	0.000000	0.000000	5.700000	?	1.15 mph	0	0.000000	0	0	0	0	0	0	0	0	0	0	0	0	0	0	0	0	0	0	0	0	0	0	0	0	
7764.583819	0.000000	0.000000	5.700000	?	1.15 mph	0	0.000000	0	0	0	0	0	0	0	0	0	0	0	0	0	0	0	0	0	0	0	0	0	0	0	0	
7764.779175	0.000000	0.000000	5.700000	?	1.15 mph	0	0.000000	0	0	0	0	0	0	0	0	0	0	0	0	0	0	0	0	0	0	0	0	0	0	0	0	
7764.974531	0.000000	0.000000	5.700000	?	1.15 mph	0	0.000000	0	0	0	0	0	0	0	0	0	0	0	0	0	0	0	0	0	0	0	0	0	0	0	0	
7765.169896	0.000000	0.000000	5.700000	?	1.15 mph	0	0.000000	0	0	0	0	0	0	0	0	0	0	0	0	0	0	0	0	0	0	0	0	0	0	0	0	
7765.365260	0.000000	0.000000	5.700000	?	1.15 mph	0	0.000000	0	0	0	0	0	0	0	0	0	0	0	0	0	0	0	0	0	0	0	0	0	0	0	0	
7765.560625	0.000000	0.000000	5.700000	?	1.15 mph	0	0.000000	0	0	0	0	0	0	0	0	0	0	0	0	0	0	0	0	0	0	0	0	0	0	0	0	
7765.755972	0.000000	0.000000	5.700000	?	1.15 mph	0	0.000000	0	0	0	0	0	0	0	0	0	0	0	0	0	0	0	0	0	0	0	0	0	0	0	0	
7765.951345	0.000000	0.000000	5.700000	?	1.15 mph	0	0.000000	0	0	0	0	0	0	0	0	0	0	0	0	0	0	0	0	0	0	0	0	0	0	0	0	
7766.146701	0.000000	0.000000	5.700000	?	1.15 mph	0	0.000000	0	0	0	0	0	0	0	0	0	0	0	0	0	0	0	0	0	0	0	0	0	0	0	0	
7766.342066	0.000000	0.000000	5.700000	?	1.15 mph	0	0.000000	0	0	0	0	0	0	0	0	0	0	0	0	0	0	0	0	0	0	0	0	0	0	0	0	
7766.537413	0.000000	0.000000	5.700000	?	1.15 mph	0	0.000000	0	0	0	0	0	0	0	0	0	0	0	0	0	0	0	0	0	0	0	0	0	0	0	0	
7766.732786	0.000000	0.000000	5.700000	?	1.15 mph	0	0.000000	0	0	0	0	0	0	0	0	0	0	0	0	0	0	0	0	0	0	0	0	0	0	0	0	
7766.928142	0.000000	0.000000	5.700000	?	1.15 mph	0	0.000000	0	0	0	0	0	0	0	0	0	0	0	0	0	0	0	0	0	0	0	0	0	0	0	0	
7767.123507	0.000000	0.000000	5.700000	?	1.15 mph	0	0.000000	0	0	0	0	0	0	0	0	0	0	0	0	0	0	0	0	0	0	0	0	0	0	0	0	
7767.318854	0.000000	0.000000	5.700000	?	1.15 mph	0	0.000000	0	0	0	0	0	0	0	0	0	0	0	0	0	0	0	0	0	0	0	0	0	0	0	0	
7767.514227	0.000000	0.000000	5.700000	?	1.15 mph	0	0.000000	0	0	0	0	0	0	0	0	0	0	0	0	0	0	0	0	0	0	0	0	0	0	0	0	
7767.709583	0.000000	0.000000	5.700000	?	1.15 mph	0	0.000000	0	0	0	0	0	0	0	0	0	0	0	0	0	0	0	0	0	0	0	0	0	0	0	0	
7767.904948	0.000000	0.000000	5.700000	?	1.15 mph	0	0.000000	0	0	0	0	0	0	0	0	0	0	0	0	0	0	0	0	0	0	0	0	0	0	0	0	
7768.100295	0.000000	0.000000	5.700000	?	1.15 mph	0	0.000000	0	0	0	0	0	0	0	0	0	0	0	0	0	0	0	0	0	0	0	0	0	0	0	0	
7768.295668	0.000000	0.000000	5.700000	?	1.15 mph	0	0.000000	0	0	0	0	0	0	0	0	0	0	0	0	0	0	0	0	0	0	0	0	0	0	0	0	
7768.491024	0.000000	0.000000	5.700000	?	1.15 mph	0	0.000000	0	0	0	0	0	0	0	0	0	0	0	0	0	0	0	0	0	0	0	0	0	0	0	0	
7768.686389	0.000000	0.000000	5.700000	?	1.15 mph	0	0.000000	0	0	0	0	0	0	0	0	0	0	0	0	0	0	0	0	0	0	0	0	0	0	0	0	
7768.881745	0.000000	0.000000	5.700000	?	1.15 mph	0	0.000000	0	0	0	0	0	0	0	0	0	0	0	0	0	0	0	0	0	0	0	0	0	0	0	0	
7769.077109	0.000000	0.000000	5.700000	?	1.15 mph	0	0.000000	0	0	0	0	0	0	0	0	0	0	0	0	0	0	0	0	0	0	0	0	0	0	0	0	
7769.272465	0.000000	0.000000	5.700000	?	1.15 mph	0	0.000000	0	0	0	0	0	0	0	0	0	0	0	0	0	0	0	0	0	0	0	0	0	0	0	0	
7769.467830	0.000000	0.000000	5.700000	?	1.15 mph	0	0.000000	0	0	0	0	0	0	0	0	0	0	0	0	0	0	0	0	0	0	0	0	0	0	0	0	
7769.663186	0.000000	0.000000	5.700000	?	1.15 mph	0	0.000000	0	0	0	0	0	0	0	0	0	0	0	0	0	0	0	0	0	0	0	0	0	0	0	0	
7769.858550	0.000000	0.000000	5.700000	?	1.15 mph	0	0.000000	0	0	0	0	0	0	0	0	0	0	0	0	0	0	0	0	0	0	0	0	0	0	0	0	
7770.053915	0.000000	0.000000	5.700000	?	1.15 mph	0	0.000000	0	0	0	0	0	0	0	0	0	0	0	0	0	0	0	0	0	0	0	0	0	0	0	0	
7770.249271	0.000000	0.000000	5.700000	?	1.15 mph	0	0.000000	0	0	0	0	0	0	0	0	0	0	0	0	0	0	0	0	0	0	0	0	0	0	0	0	
7770.444627	0.000000	0.000000	5.700000	?	1.15 mph	0	0.000000	0	0	0	0	0	0	0	0	0	0	0	0	0	0	0	0	0	0	0	0	0	0	0	0	
7770.639991	0.000000	0.000000	5.700000	?	1.15 mph	0	0.000000	0	0	0	0	0	0	0	0	0	0	0	0	0	0	0	0	0	0	0	0	0	0	0	0	
7770.835356	0.000000	0.000000	5.700000	?	1.15 mph	0	0.000000	0	0	0	0	0	0	0	0	0	0	0	0	0	0	0	0	0	0	0	0	0	0	0	0	
7771.030712	0.000000	0.000000	5.700000	?	1.15 mph	0	0.000000	0	0	0	0	0	0	0	0	0	0	0	0	0	0	0	0	0	0	0	0	0	0	0	0	
7771.226068	0.000000	0.000000	5.700000	?	1.15 mph	0	0.000000	0	0	0	0	0	0	0	0	0	0	0	0	0	0	0	0	0	0	0	0	0	0	0	0	
7771.421432	0.000000	0.000000	5.700000	?	1.15 mph	0	0.000000	0	0	0	0	0	0	0	0	0	0	0	0	0	0	0	0	0	0	0	0	0	0	0	0	
7771.616797	0.000000	0.000000	5.700000	?	1.15 mph	0	0.000000	0	0	0	0	0	0	0	0	0	0	0	0	0	0	0	0	0	0	0	0	0	0	0	0	
7771.812153	0.000000	0.000000	5.700000	?	1.15 mph	0	0.000000	0	0	0	0	0	0	0	0	0	0	0	0	0	0	0	0	0	0	0	0	0	0	0	0	
7772.007509	0.000000	0.000000	5.700000	?	1.15 mph	0	0.000000	0	0	0	0	0	0	0	0	0	0	0	0	0	0	0	0	0	0	0	0	0	0	0	0	
7772.202873	0.000000	0.000000	5.700000	?	1.15 mph	0	0.000000	0	0	0	0	0	0	0	0	0	0	0	0	0	0	0	0	0	0	0	0	0	0	0	0	
7772.398238	0.000000	0.000000	5.700000	?	1.15 mph	0	0.000000	0	0	0	0	0	0	0	0	0	0	0	0	0	0	0	0	0	0	0	0	0	0	0	0	
7772.593594	0.000000	0.000000	5.700000	?	1.15 mph	0	0.000000	0	0	0	0	0	0	0	0	0	0	0	0	0	0	0	0	0	0	0	0	0	0	0	0	
7772.788950	0.000000	0.000000	5.700000	?	1.15 mph	0	0.000000	0	0	0	0	0	0	0	0	0	0	0	0	0	0	0	0	0	0	0	0	0	0	0	0	
7772.984314	0.000000	0.000000	5.700000	?	1.15 mph	0	0.000000	0	0	0	0	0	0	0	0	0	0	0	0	0	0	0	0	0	0	0	0	0	0	0	0	
7773.179679	0.000000	0.000000	5.700000	?	1.15 mph	0	0.000000	0	0	0	0	0	0	0	0	0	0	0	0	0	0	0	0	0	0	0	0	0	0	0	0	
7773.375035	0.000000	0.000000	5.700000	?	1.15 mph	0	0.000000	0	0	0	0	0	0	0	0	0	0	0	0	0	0	0	0	0	0	0	0	0	0	0	0	
7773.570391	0.000000	0.000000	5.700000	?	1.15 mph	0	0.000000	0	0	0	0	0	0	0	0	0	0	0	0	0	0	0	0	0	0	0	0	0	0	0	0	
7773.765764	0.000000	0.000000	5.700000	?	1.15 mph	0	0.000000	0	0	0	0	0	0	0	0	0	0	0	0	0	0	0	0	0	0	0	0	0	0	0	0	
7773.961120	0.000000	0.000000	5.700000	?	1.15 mph	0	0.000000	0	0	0	0	0	0	0	0	0	0	0	0	0	0	0	0	0	0	0	0	0	0	0	0	
7774.156484	0.000000	0.000000	5.700000	?	1.15 mph	0	0.000000	0	0	0	0	0	0	0	0	0	0	0	0	0	0	0	0	0	0	0	0	0	0	0	0	
7774.351832	0.000000	0.000000	5.700000	?	1.15 mph	0	0.000000	0	0	0	0	0	0	0	0	0	0	0	0	0	0	0	0	0	0	0	0	0	0	0	0	
7774.547205	0.000000	0.000000	5.700000	?	1.15 mph	0	0.000000	0	0	0	0	0	0	0	0	0	0	0	0	0	0	0	0	0	0	0	0	0	0	0	0	
7774.742561	0.000000	0.000000	5.700000	?	1.15 mph	0	0.000000	0	0	0	0	0	0	0	0	0	0	0	0	0	0	0	0	0	0	0	0	0	0	0	0	
7774.937925	0.000000	0.000000	5.700000	?	1.15 mph	0	0.000000	0	0	0	0	0	0	0	0	0	0	0	0	0	0	0	0	0	0	0	0	0	0	0	0	
7775.133273	0.000000	0.000000	5.700000	?	1.15 mph	0	0.000000	0	0	0	0	0	0	0	0	0	0	0	0	0	0	0	0	0	0	0	0	0	0	0	0	
7775.334514	0.000000	0.000000	5.700000	?	1.15 mph	0	0.000000	0	0	0	0	0	0	0	0	0	0	0	0	0	0	0	0	0	0	0	0	0	0	0	0	
7775.524002	0.000000	0.000000	5.700000	?	1.15 mph	0	0.000000	0	0	0	0	0	0	0	0	0	0	0	0	0	0	0	0	0	0	0	0	0	0	0	0	
7775.719366	0.000000	0.000000	5.700000	?	1.15 mph	0	0.000000	0	0	0	0	0	0	0	0	0	0	0	0	0	0	0	0	0	0	0	0	0	0	0	0	
7775.914714	0.000000	0.000000	5.700000	?	1.15 mph	0	0.000000	0	0	0	0	0	0	0	0	0	0	0	0	0	0	0	0	0	0	0	0	0	0	0	0	
7776.110087	0.000000	0.000000	5.700000	?	1.15 mph	0	0.000000	0	0	0	0	0	0	0	0	0	0	0	0	0	0	0	0	0	0	0	0	0	0	0	0	
7776.305443	0.000000	0.000000	5.700000	?	1.15 mph	0	0.000000	0	0	0	0	0	0	0	0	0	0	0	0	0	0	0	0	0	0	0	0	0	0	0	0	
7776.500807	0.000000	0.000000	5.700000	?	1.15 mph	0	0.000000	0	0	0	0	0	0	0	0	0	0	0	0	0	0	0	0	0	0	0	0	0	0	0	0	
7776.696155	0.000000	0.000000	5.700000	?	1.15 mph	0	0.000000	0	0	0	0	0	0	0	0	0	0	0	0	0	0	0	0	0	0	0	0	0	0	0	0	
7776.891528	0.000000	0.000000	5.700000	?	1.15 mph	0	0.000000	0	0	0	0	0	0	0	0	0	0	0	0	0	0	0	0	0	0	0	0	0	0	0	0	
7777.086884	0.000000	0.000000	5.700000	?	1.15 mph	0	0.000000	0	0	0	0	0	0	0	0	0	0	0	0	0	0	0	0	0	0	0	0	0	0	0	0	
7777.282248	0.000000	0.000000	5.700000	?	1.15 mph	0	0.000000	0	0	0	0	0	0	0	0	0	0	0	0	0	0	0	0	0	0	0	0	0	0	0	0	
7777.477595	0.000000	0.000000	5.700000	?	1.15 mph	0	0.000000	0	0	0	0	0	0	0	0	0	0	0	0	0	0	0	0	0	0	0	0	0	0	0	0	
7777.672969	0.000000	0.000000	5.700000	?	1.15 mph	0	0.000000	0	0	0	0	0	0	0	0	0	0	0	0	0	0	0	0	0	0	0	0	0	0	0	0	
7777.868333	0.000000	0.000000	5.700000	?	1.15 mph	0	0.000000	0	0	0	0	0	0	0	0	0	0	0	0	0	0	0	0	0	0	0	0	0	0	0	0	
7778.063689	0.000000	0.000000	5.700000	?	1.15 mph	0	0.000000	0	0	0	0	0	0	0	0	0	0	0	0	0	0	0	0	0	0	0	0	0	0	0	0	
7778.259045	0.000000	0.000000	5.700000	?	1.15 mph	0	0.000000	0	0	0	0	0	0	0	0	0	0	0	0	0	0	0	0	0	0	0	0	0	0	0	0	
7778.454410	0.000000	0.000000	5.700000	?	1.15 mph	0	0.000000	0	0	0	0	0	0	0	0	0	0	0	0	0	0	0	0	0	0	0	0	0	0	0	0	
7778.649774	0.000000	0.000000	5.700000	?	1.15 mph	0	0.000000	0	0	0	0	0	0	0	0	0	0	0	0	0	0	0	0	0	0	0	0	0	0	0	0	
7778.845130	0.000000	0.000000	5.700000	?	1.15 mph	0	0.000000	0	0	0	0	0	0	0	0	0	0	0	0	0	0	0	0	0	0	0	0	0	0	0	0	
7779.040486	0.000000	0.000000	5.700000	?	1.15 mph	0	0.000000	0	0	0	0	0	0	0	0	0	0	0	0	0	0	0	0	0	0	0	0	0	0	0	0	
7779.235851	0.000000	0.000000	5.700000	?	1.15 mph	0	0.000000	0	0	0	0	0	0	0	0	0	0	0	0	0	0	0	0	0	0	0	0	0	0	0	0	
7779.431215	0.000000	0.000000	5.700000	?	1.15 mph	0	0.000000	0	0	0	0	0	0	0	0	0	0	0	0	0	0	0	0	0	0	0	0	0	0	0	0	
7779.626571	0.000000	0.000000	5.700000	?	1.15 mph	0	0.000000	0	0	0	0	0	0	0	0	0	0	0	0	0	0	0	0	0	0	0	0	0	0	0	0	
7779.821927	0.000000	0.000000	5.700000	?	1.15 mph	0	0.000000	0	0	0	0	0	0	0	0	0	0	0	0	0	0	0	0	0	0	0	0	0	0	0	0	
7780.017292	0.000000	0.000000	5.700000	?	1.15 mph	0	0.000000	0	0	0	0	0	0	0	0	0	0	0	0	0	0	0	0	0	0	0	0	0	0	0	0	
7780.212656	0.000000	0.000000	5.700000	?	1.15 mph	0	0.000000	0	0	0	0	0	0	0	0	0	0	0	0	0	0	0	0	0	0	0	0	0	0	0	0	
7780.408012	0.000000	0.000000	5.700000	?	1.15 mph	0	0.000000	0	0	0	0	0	0	0	0	0	0	0	0	0	0	0	0	0	0	0	0	0	0	0	0	
7780.603368	0.000000	0.000000	5.700000	?	1.15 mph	0	0.000000	0	0	0	0	0	0	0	0	0	0	0	0	0	0	0	0	0	0	0	0	0	0	0	0	
7780.798733	0.000000	0.000000	5.700000	?	1.15 mph	0	0.000000	0	0	0	0	0	0	0	0	0	0	0	0	0	0	0	0	0	0	0	0	0	0	0	0	
7780.994097	0.000000	0.000000	5.700000	?	1.15 mph	0	0.000000	0	0	0	0	0	0	0	0	0	0	0	0	0	0	0	0	0	0	0	0	0	0	0	0	
7781.189453	0.000000	0.000000	5.700000	?	1.15 mph	0	0.000000	0	0	0	0	0	0	0	0	0	0	0	0	0	0	0	0	0	0	0	0	0	0	0	0	
7781.384818	0.000000	0.000000	5.700000	?	1.15 mph	0	0.000000	0	0	0	0	0	0	0	0	0	0	0	0	0	0	0	0	0	0	0	0	0	0	0	0	
7781.580174	0.000000	0.000000	5.700000	?	1.15 mph	0	0.000000	0	0	0	0	0	0	0	0	0	0	0	0	0	0	0	0	0	0	0	0	0	0	0	0	
7781.775538	0.000000	0.000000	5.700000	?	1.15 mph	0	0.000000	0	0	0	0	0	0	0	0	0	0	0	0	0	0	0	0	0	0	0	0	0	0	0	0	
7781.970894	0.000000	0.000000	5.700000	?	1.15 mph	0	0.000000	0	0	0	0	0	0	0	0	0	0	0	0	0	0	0	0	0	0	0	0	0	0	0	0	
7782.166250	0.000000	0.000000	5.700000	?	1.15 mph	0	0.000000	0	0	0	0	0	0	0	0	0	0	0	0	0	0	0	0	0	0	0	0	0	0	0	0	
7782.361623	0.000000	0.000000	5.700000	?	1.15 mph	0	0.000000	0	0	0	0	0	0	0	0	0	0	0	0	0	0	0	0	0	0	0	0	0	0	0	0	
7782.556979	0.000000	0.000000	5.700000	?	1.15 mph	0	0.000000	0	0	0	0	0	0	0	0	0	0	0	0	0	0	0	0	0	0	0	0	0	0	0	0	
7782.752344	0.000000	0.000000	5.700000	?	1.15 mph	0	0.000000	0	0	0	0	0	0	0	0	0	0	0	0	0	0	0	0	0	0	0	0	0	0	0	0	
7782.947691	0.000000	0.000000	5.700000	?	1.15 mph	0	0.000000	0	0	0	0	0	0	0	0	0	0	0	0	0	0	0	0	0	0	0	0	0	0	0	0	
7783.143064	0.000000	0.000000	5.700000	?	1.15 mph	0	0.000000	0	0	0	0	0	0	0	0	0	0	0	0	0	0	0	0	0	0	0	0	0	0	0	0	
7783.338420	0.000000	0.000000	5.700000	?	1.15 mph	0	0.000000	0	0	0	0	0	0	0	0	0	0	0	0	0	0	0	0	0	0	0	0	0	0	0	0	
7783.533785	0.000000	0.000000	5.700000	?	1.15 mph	0	0.000000	0	0	0	0	0	0	0	0	0	0	0	0	0	0	0	0	0	0	0	0	0	0	0	0	
7783.729132	0.000000	0.000000	5.700000	?	1.15 mph	0	0.000000	0	0	0	0	0	0	0	0	0	0	0	0	0	0	0	0	0	0	0	0	0	0	0	0	
7783.924505	0.000000	0.000000	5.700000	?	1.15 mph	0	0.000000	0	0	0	0	0	0	0	0	0	0	0	0	0	0	0	0	0	0	0	0	0	0	0	0	
7784.119861	0.000000	0.000000	5.700000	?	1.15 mph	0	0.000000	0	0	0	0	0	0	0	0	0	0	0	0	0	0	0	0	0	0	0	0	0	0	0	0	
7784.315226	0.000000	0.000000	5.700000	?	1.15 mph	0	0.000000	0	0	0	0	0	0	0	0	0	0	0	0	0	0	0	0	0	0	0	0	0	0	0	0	
7784.510573	0.000000	0.000000	5.700000	?	1.15 mph	0	0.000000	0	0	0	0	0	0	0	0	0	0	0	0	0	0	0	0	0	0	0	0	0	0	0	0	
7784.705946	0.000000	0.000000	5.700000	?	1.15 mph	0	0.000000	0	0	0	0	0	0	0	0	0	0	0	0	0	0	0	0	0	0	0	0	0	0	0	0	
7784.901302	0.000000	0.000000	5.700000	?	1.15 mph	0	0.000000	0	0	0	0	0	0	0	0	0	0	0	0	0	0	0	0	0	0	0	0	0	0	0	0	
7785.096667	0.000000	0.000000	5.700000	?	1.15 mph	0	0.000000	0	0	0	0	0	0	0	0	0	0	0	0	0	0	0	0	0	0	0	0	0	0	0	0	
7785.292014	0.000000	0.000000	5.700000	?	1.15 mph	0	0.000000	0	0	0	0	0	0	0	0	0	0	0	0	0	0	0	0	0	0	0	0	0	0	0	0	
7785.487387	0.000000	0.000000	5.700000	?	1.15 mph	0	0.000000	0	0	0	0	0	0	0	0	0	0	0	0	0	0	0	0	0	0	0	0	0	0	0	0	
7785.682743	0.000000	0.000000	5.700000	?	1.15 mph	0	0.000000	0	0	0	0	0	0	0	0	0	0	0	0	0	0	0	0	0	0	0	0	0	0	0	0	
7785.878108	0.000000	0.000000	5.700000	?	1.15 mph	0	0.000000	0	0	0	0	0	0	0	0	0	0	0	0	0	0	0	0	0	0	0	0	0	0	0	0	
7786.073455	0.000000	0.000000	5.700000	?	1.15 mph	0	0.000000	0	0	0	0	0	0	0	0	0	0	0	0	0	0	0	0	0	0	0	0	0	0	0	0	
7786.268828	0.000000	0.000000	5.700000	?	1.15 mph	0	0.000000	0	0	0	0	0	0	0	0	0	0	0	0	0	0	0	0	0	0	0	0	0	0	0	0	
7786.464193	0.000000	0.000000	5.700000	?	1.15 mph	0	0.000000	0	0	0	0	0	0	0	0	0	0	0	0	0	0	0	0	0	0	0	0	0	0	0	0	
7786.659549	0.000000	0.000000	5.700000	?	1.15 mph	0	0.000000	0	0	0	0	0	0	0	0	0	0	0	0	0	0	0	0	0	0	0	0	0	0	0	0	
7786.854913	0.000000	0.000000	5.700000	?	1.15 mph	0	0.000000	0	0	0	0	0	0	0	0	0	0	0	0	0	0	0	0	0	0	0	0	0	0	0	0	
7787.050269	0.000000	0.000000	5.700000	?	1.15 mph	0	0.000000	0	0	0	0	0	0	0	0	0	0	0	0	0	0	0	0	0	0	0	0	0	0	0	0	
7787.245634	0.000000	0.000000	5.700000	?	1.15 mph	0	0.000000	0	0	0	0	0	0	0	0	0	0	0	0	0	0	0	0	0	0	0	0	0	0	0	0	
7787.440990	0.000000	0.000000	5.700000	?	1.15 mph	0	0.000000	0	0	0	0	0	0	0	0	0	0	0	0	0	0	0	0	0	0	0	0	0	0	0	0	
7787.636345	0.000000	0.000000	5.700000	?	1.15 mph	0	0.000000	0	0	0	0	0	0	0	0	0	0	0	0	0	0	0	0	0	0	0	0	0	0	0	0	
7787.831710	0.000000	0.000000	5.700000	?	1.15 mph	0	0.000000	0	0	0	0	0	0	0	0	0	0	0	0	0	0	0	0	0	0	0	0	0	0	0	0	
7788.027075	0.000000	0.000000	5.700000	?	1.15 mph	0	0.000000	0	0	0	0	0	0	0	0	0	0	0	0	0	0	0	0	0	0	0	0	0	0	0	0	
7788.222431	0.000000	0.000000	5.700000	?	1.15 mph	0	0.000000	0	0	0	0	0	0	0	0	0	0	0	0	0	0	0	0	0	0	0	0	0	0	0	0	
7788.417786	0.000000	0.000000	5.700000	?	1.15 mph	0	0.000000	0	0	0	0	0	0	0	0	0	0	0	0	0	0	0	0	0	0	0	0	0	0	0	0	
7788.613151	0.000000	0.000000	5.700000	?	1.15 mph	0	0.000000	0	0	0	0	0	0	0	0	0	0	0	0	0	0	0	0	0	0	0	0	0	0	0	0	
7788.808516	0.000000	0.000000	5.700000	?	1.15 mph	0	0.000000	0	0	0	0	0	0	0	0	0	0	0	0	0	0	0	0	0	0	0	0	0	0	0	0	
7789.003872	0.000000	0.000000	5.700000	?	1.15 mph	0	0.000000	0	0	0	0	0	0	0	0	0	0	0	0	0	0	0	0	0	0	0	0	0	0	0	0	
7789.199227	0.000000	0.000000	5.700000	?	1.15 mph	0	0.000000	0	0	0	0	0	0	0	0	0	0	0	0	0	0	0	0	0	0	0	0	0	0	0	0	
7789.394592	0.000000	0.000000	5.700000	?	1.15 mph	0	0.000000	0	0	0	0	0	0	0	0	0	0	0	0	0	0	0	0	0	0	0	0	0	0	0	0	
7789.589957	0.000000	0.000000	5.700000	?	1.15 mph	0	0.000000	0	0	0	0	0	0	0	0	0	0	0	0	0	0	0	0	0	0	0	0	0	0	0	0	
7789.785313	0.000000	0.000000	5.700000	?	1.15 mph	0	0.000000	0	0	0	0	0	0	0	0	0	0	0	0	0	0	0	0	0	0	0	0	0	0	0	0	
7789.980668	0.000000	0.000000	5.700000	?	1.15 mph	0	0.000000	0	0	0	0	0	0	0	0	0	0	0	0	0	0	0	0	0	0	0	0	0	0	0	0	
7790.176033	0.000000	0.000000	5.700000	?	1.15 mph	0	0.000000	0	0	0	0	0	0	0	0	0	0	0	0	0	0	0	0	0	0	0	0	0	0	0	0	
7790.371398	0.000000	0.000000	5.700000	?	1.15 mph	0	0.000000	0	0	0	0	0	0	0	0	0	0	0	0	0	0	0	0	0	0	0	0	0	0	0	0	
7790.566762	0.000000	0.000000	5.700000	?	1.15 mph	0	0.000000	0	0	0	0	0	0	0	0	0	0	0	0	0	0	0	0	0	0	0	0	0	0	0	0	
7790.762109	0.000000	0.000000	5.700000	?	1.15 mph	0	0.000000	0	0	0	0	0	0	0	0	0	0	0	0	0	0	0	0	0	0	0	0	0	0	0	0	
7790.957483	0.000000	0.000000	5.700000	?	1.15 mph	0	0.000000	0	0	0	0	0	0	0	0	0	0	0	0	0	0	0	0	0	0	0	0	0	0	0	0	
7791.152839	0.000000	0.000000	5.700000	?	1.15 mph	0	0.000000	0	0	0	0	0	0	0	0	0	0	0	0	0	0	0	0	0	0	0	0	0	0	0	0	
7791.348203	0.000000	0.000000	5.700000	?	1.15 mph	0	0.000000	0	0	0	0	0	0	0	0	0	0	0	0	0	0	0	0	0	0	0	0	0	0	0	0	
7791.543550	0.000000	0.000000	5.700000	?	1.15 mph	0	0.000000	0	0	0	0	0	0	0	0	0	0	0	0	0	0	0	0	0	0	0	0	0	0	0	0	
7791.738924	0.000000	0.000000	5.700000	?	1.15 mph	0	0.000000	0	0	0	0	0	0	0	0	0	0	0	0	0	0	0	0	0	0	0	0	0	0	0	0	
7791.934280	0.000000	0.000000	5.700000	?	1.15 mph	0	0.000000	0	0	0	0	0	0	0	0	0	0	0	0	0	0	0	0	0	0	0	0	0	0	0	0	
7792.129644	0.000000	0.000000	5.700000	?	1.15 mph	0	0.000000	0	0	0	0	0	0	0	0	0	0	0	0	0	0	0	0	0	0	0	0	0	0	0	0	
7792.324991	0.000000	0.000000	5.700000	?	1.15 mph	0	0.000000	0	0	0	0	0	0	0	0	0	0	0	0	0	0	0	0	0	0	0	0	0	0	0	0	
7792.520365	0.000000	0.000000	5.700000	?	1.15 mph	0	0.000000	0	0	0	0	0	0	0	0	0	0	0	0	0	0	0	0	0	0	0	0	0	0	0	0	
7792.715720	0.000000	0.000000	5.700000	?	1.15 mph	0	0.000000	0	0	0	0	0	0	0	0	0	0	0	0	0	0	0	0	0	0	0	0	0	0	0	0	
7792.911085	0.000000	0.000000	5.700000	?	1.15 mph	0	0.000000	0	0	0	0	0	0	0	0	0	0	0	0	0	0	0	0	0	0	0	0	0	0	0	0	
7793.106432	0.000000	0.000000	5.700000	?	1.15 mph	0	0.000000	0	0	0	0	0	0	0	0	0	0	0	0	0	0	0	0	0	0	0	0	0	0	0	0	
7793.301806	0.000000	0.000000	5.700000	?	1.15 mph	0	0.000000	0	0	0	0	0	0	0	0	0	0	0	0	0	0	0	0	0	0	0	0	0	0	0	0	
7793.497161	0.000000	0.000000	5.700000	?	1.15 mph	0	0.000000	0	0	0	0	0	0	0	0	0	0	0	0	0	0	0	0	0	0	0	0	0	0	0	0	
7793.692526	0.000000	0.000000	5.700000	?	1.15 mph	0	0.000000	0	0	0	0	0	0	0	0	0	0	0	0	0	0	0	0	0	0	0	0	0	0	0	0	
7793.887873	0.000000	0.000000	5.700000	?	1.15 mph	0	0.000000	0	0	0	0	0	0	0	0	0	0	0	0	0	0	0	0	0	0	0	0	0	0	0	0	
7794.083247	0.000000	0.000000	5.700000	?	1.15 mph	0	0.000000	0	0	0	0	0	0	0	0	0	0	0	0	0	0	0	0	0	0	0	0	0	0	0	0	
7794.278602	0.000000	0.000000	5.700000	?	1.15 mph	0	0.000000	0	0	0	0	0	0	0	0	0	0	0	0	0	0	0	0	0	0	0	0	0	0	0	0	
7794.473967	0.000000	0.000000	5.700000	?	1.15 mph	0	0.000000	0	0	0	0	0	0	0	0	0	0	0	0	0	0	0	0	0	0	0	0	0	0	0	0	
7794.669323	0.000000	0.000000	5.700000	?	1.15 mph	0	0.000000	0	0	0	0	0	0	0	0	0	0	0	0	0	0	0	0	0	0	0	0	0	0	0	0	
7794.864688	0.000000	0.000000	5.700000	?	1.15 mph	0	0.000000	0	0	0	0	0	0	0	0	0	0	0	0	0	0	0	0	0	0	0	0	0	0	0	0	
7795.060052	0.000000	0.000000	5.700000	?	1.15 mph	0	0.000000	0	0	0	0	0	0	0	0	0	0	0	0	0	0	0	0	0	0	0	0	0	0	0	0	
7795.255408	0.000000	0.000000	5.700000	?	1.15 mph	0	0.000000	0	0	0	0	0	0	0	0	0	0	0	0	0	0	0	0	0	0	0	0	0	0	0	0	
7795.450764	0.000000	0.000000	5.700000	?	1.15 mph	0	0.000000	0	0	0	0	0	0	0	0	0	0	0	0	0	0	0	0	0	0	0	0	0	0	0	0	
7795.646128	0.000000	0.000000	5.700000	?	1.15 mph	0	0.000000	0	0	0	0	0	0	0	0	0	0	0	0	0	0	0	0	0	0	0	0	0	0	0	0	
7795.841493	0.000000	0.000000	5.700000	?	1.15 mph	0	0.000000	0	0	0	0	0	0	0	0	0	0	0	0	0	0	0	0	0	0	0	0	0	0	0	0	
7796.036849	0.000000	0.000000	5.700000	?	1.15 mph	0	0.000000	0	0	0	0	0	0	0	0	0	0	0	0	0	0	0	0	0	0	0	0	0	0	0	0	
7796.232205	0.000000	0.000000	5.700000	?	1.15 mph	0	0.000000	0	0	0	0	0	0	0	0	0	0	0	0	0	0	0	0	0	0	0	0	0	0	0	0	
7796.427569	0.000000	0.000000	5.700000	?	1.15 mph	0	0.000000	0	0	0	0	0	0	0	0	0	0	0	0	0	0	0	0	0	0	0	0	0	0	0	0	
7796.622943	0.000000	0.000000	5.700000	?	1.15 mph	0	0.000000	0	0	0	0	0	0	0	0	0	0	0	0	0	0	0	0	0	0	0	0	0	0	0	0	
7796.818290	0.000000	0.000000	5.700000	?	1.15 mph	0	0.000000	0	0	0	0	0	0	0	0	0	0	0	0	0	0	0	0	0	0	0	0	0	0	0	0	
7797.013646	0.000000	0.000000	5.700000	?	1.15 mph	0	0.000000	0	0	0	0	0	0	0	0	0	0	0	0	0	0	0	0	0	0	0	0	0	0	0	0	
7797.209010	0.000000	0.000000	5.700000	?	1.15 mph	0	0.000000	0	0	0	0	0	0	0	0	0	0	0	0	0	0	0	0	0	0	0	0	0	0	0	0	
7797.404375	0.000000	0.000000	5.700000	?	1.15 mph	0	0.000000	0	0	0	0	0	0	0	0	0	0	0	0	0	0	0	0	0	0	0	0	0	0	0	0	
7797.599731	0.000000	0.000000	5.700000	?	1.15 mph	0	0.000000	0	0	0	0	0	0	0	0	0	0	0	0	0	0	0	0	0	0	0	0	0	0	0	0	
7797.795087	0.000000	0.000000	5.700000	?	1.15 mph	0	0.000000	0	0	0	0	0	0	0	0	0	0	0	0	0	0	0	0	0	0	0	0	0	0	0	0	
7797.990451	0.000000	0.000000	5.700000	?	1.15 mph	0	0.000000	0	0	0	0	0	0	0	0	0	0	0	0	0	0	0	0	0	0	0	0	0	0	0	0	
7798.185816	0.000000	0.000000	5.700000	?	1.15 mph	0	0.000000	0	0	0	0	0	0	0	0	0	0	0	0	0	0	0	0	0	0	0	0	0	0	0	0	
7798.381172	0.000000	0.000000	5.700000	?	1.15 mph	0	0.000000	0	0	0	0	0	0	0	0	0	0	0	0	0	0	0	0	0	0	0	0	0	0	0	0	
7798.576528	0.000000	0.000000	5.700000	?	1.15 mph	0	0.000000	0	0	0	0	0	0	0	0	0	0	0	0	0	0	0	0	0	0	0	0	0	0	0	0	
7798.771892	0.000000	0.000000	5.700000	?	1.15 mph	0	0.000000	0	0	0	0	0	0	0	0	0	0	0	0	0	0	0	0	0	0	0	0	0	0	0	0	
7798.967257	0.000000	0.000000	5.700000	?	1.15 mph	0	0.000000	0	0	0	0	0	0	0	0	0	0	0	0	0	0	0	0	0	0	0	0	0	0	0	0	
7799.162622	0.000000	0.000000	5.700000	?	1.15 mph	0	0.000000	0	0	0	0	0	0	0	0	0	0	0	0	0	0	0	0	0	0	0	0	0	0	0	0	
7799.357969	0.000000	0.000000	5.700000	?	1.15 mph	0	0.000000	0	0	0	0	0	0	0	0	0	0	0	0	0	0	0	0	0	0	0	0	0	0	0	0	
7799.553342	0.000000	0.000000	5.700000	?	1.15 mph	0	0.000000	0	0	0	0	0	0	0	0	0	0	0	0	0	0	0	0	0	0	0	0	0	0	0	0	
7799.748698	0.000000	0.000000	5.700000	?	1.15 mph	0	0.000000	0	0	0	0	0	0	0	0	0	0	0	0	0	0	0	0	0	0	0	0	0	0	0	0	
7799.944062	0.000000	0.000000	5.700000	?	1.15 mph	0	0.000000	0	0	0	0	0	0	0	0	0	0	0	0	0	0	0	0	0	0	0	0	0	0	0	0	
7800.139410	0.000000	0.000000	5.700000	?	1.15 mph	0	0.000000	0	0	0	0	0	0	0	0	0	0	0	0	0	0	0	0	0	0	0	0	0	0	0	0	
7800.337995	0.000000	0.000000	5.700000	?	1.15 mph	0	0.000000	0	0	0	0	0	0	0	0	0	0	0	0	0	0	0	0	0	0	0	0	0	0	0	0	
7800.530139	0.000000	0.000000	5.700000	?	1.15 mph	0	0.000000	0	0	0	0	0	0	0	0	0	0	0	0	0	0	0	0	0	0	0	0	0	0	0	0	
7800.725503	0.000000	0.000000	5.700000	?	1.15 mph	0	0.000000	0	0	0	0	0	0	0	0	0	0	0	0	0	0	0	0	0	0	0	0	0	0	0	0	
7800.920851	0.000000	0.000000	5.700000	?	1.15 mph	0	0.000000	0	0	0	0	0	0	0	0	0	0	0	0	0	0	0	0	0	0	0	0	0	0	0	0	
7801.116224	0.000000	0.000000	5.700000	?	1.15 mph	0	0.000000	0	0	0	0	0	0	0	0	0	0	0	0	0	0	0	0	0	0	0	0	0	0	0	0	
7801.311580	0.000000	0.000000	5.700000	?	1.15 mph	0	0.000000	0	0	0	0	0	0	0	0	0	0	0	0	0	0	0	0	0	0	0	0	0	0	0	0	
7801.506944	0.000000	0.000000	5.700000	?	1.15 mph	0	0.000000	0	0	0	0	0	0	0	0	0	0	0	0	0	0	0	0	0	0	0	0	0	0	0	0	
7801.702292	0.000000	0.000000	5.700000	?	1.15 mph	0	0.000000	0	0	0	0	0	0	0	0	0	0	0	0	0	0	0	0	0	0	0	0	0	0	0	0	
7801.897665	0.000000	0.000000	5.700000	?	1.15 mph	0	0.000000	0	0	0	0	0	0	0	0	0	0	0	0	0	0	0	0	0	0	0	0	0	0	0	0	
7802.093021	0.000000	0.000000	5.700000	?	1.15 mph	0	0.000000	0	0	0	0	0	0	0	0	0	0	0	0	0	0	0	0	0	0	0	0	0	0	0	0	
7802.288385	0.000000	0.000000	5.700000	?	1.15 mph	0	0.000000	0	0	0	0	0	0	0	0	0	0	0	0	0	0	0	0	0	0	0	0	0	0	0	0	
7802.483733	0.000000	0.000000	5.700000	?	1.15 mph	0	0.000000	0	0	0	0	0	0	0	0	0	0	0	0	0	0	0	0	0	0	0	0	0	0	0	0	
7802.679106	0.000000	0.000000	5.700000	?	1.15 mph	0	0.000000	0	0	0	0	0	0	0	0	0	0	0	0	0	0	0	0	0	0	0	0	0	0	0	0	
7802.874462	0.000000	0.000000	5.700000	?	1.15 mph	0	0.000000	0	0	0	0	0	0	0	0	0	0	0	0	0	0	0	0	0	0	0	0	0	0	0	0	
7803.069826	0.000000	0.000000	5.700000	?	1.15 mph	0	0.000000	0	0	0	0	0	0	0	0	0	0	0	0	0	0	0	0	0	0	0	0	0	0	0	0	
7803.265182	0.000000	0.000000	5.700000	?	1.15 mph	0	0.000000	0	0	0	0	0	0	0	0	0	0	0	0	0	0	0	0	0	0	0	0	0	0	0	0	
7803.460547	0.000000	0.000000	5.700000	?	1.15 mph	0	0.000000	0	0	0	0	0	0	0	0	0	0	0	0	0	0	0	0	0	0	0	0	0	0	0	0	
7803.655911	0.000000	0.000000	5.700000	?	1.15 mph	0	0.000000	0	0	0	0	0	0	0	0	0	0	0	0	0	0	0	0	0	0	0	0	0	0	0	0	
7803.851267	0.000000	0.000000	5.700000	?	1.15 mph	0	0.000000	0	0	0	0	0	0	0	0	0	0	0	0	0	0	0	0	0	0	0	0	0	0	0	0	
